CRITICAL - 2021-12-10 22:45:55 --> Undefined variable $csrf_field
#0 C:\Users\Asus\Documents\GitHub\CRUD-codeigniter\app\Views\komik\detail.php(20): CodeIgniter\Debug\Exceptions->errorHandler(2, 'Undefined varia...', 'C:\\Users\\Asus\\D...', 20)
#1 C:\Users\Asus\Documents\GitHub\CRUD-codeigniter\system\View\View.php(214): include('C:\\Users\\Asus\\D...')
#2 C:\Users\Asus\Documents\GitHub\CRUD-codeigniter\system\View\View.php(217): CodeIgniter\View\View->CodeIgniter\View\{closure}()
#3 C:\Users\Asus\Documents\GitHub\CRUD-codeigniter\system\Common.php(1097): CodeIgniter\View\View->render('komik/detail', Array, true)
#4 C:\Users\Asus\Documents\GitHub\CRUD-codeigniter\app\Controllers\Komik.php(32): view('komik/detail', Array)
#5 C:\Users\Asus\Documents\GitHub\CRUD-codeigniter\system\CodeIgniter.php(824): App\Controllers\Komik->detail('coba')
#6 C:\Users\Asus\Documents\GitHub\CRUD-codeigniter\system\CodeIgniter.php(410): CodeIgniter\CodeIgniter->runController(Object(App\Controllers\Komik))
#7 C:\Users\Asus\Documents\GitHub\CRUD-codeigniter\system\CodeIgniter.php(318): CodeIgniter\CodeIgniter->handleRequest(NULL, Object(Config\Cache), false)
#8 C:\Users\Asus\Documents\GitHub\CRUD-codeigniter\public\index.php(37): CodeIgniter\CodeIgniter->run()
#9 C:\Users\Asus\Documents\GitHub\CRUD-codeigniter\system\Commands\Server\rewrite.php(43): require_once('C:\\Users\\Asus\\D...')
#10 {main}
CRITICAL - 2021-12-10 22:45:59 --> Undefined variable $csrf_field
#0 C:\Users\Asus\Documents\GitHub\CRUD-codeigniter\app\Views\komik\detail.php(20): CodeIgniter\Debug\Exceptions->errorHandler(2, 'Undefined varia...', 'C:\\Users\\Asus\\D...', 20)
#1 C:\Users\Asus\Documents\GitHub\CRUD-codeigniter\system\View\View.php(214): include('C:\\Users\\Asus\\D...')
#2 C:\Users\Asus\Documents\GitHub\CRUD-codeigniter\system\View\View.php(217): CodeIgniter\View\View->CodeIgniter\View\{closure}()
#3 C:\Users\Asus\Documents\GitHub\CRUD-codeigniter\system\Common.php(1097): CodeIgniter\View\View->render('komik/detail', Array, true)
#4 C:\Users\Asus\Documents\GitHub\CRUD-codeigniter\app\Controllers\Komik.php(32): view('komik/detail', Array)
#5 C:\Users\Asus\Documents\GitHub\CRUD-codeigniter\system\CodeIgniter.php(824): App\Controllers\Komik->detail('coba')
#6 C:\Users\Asus\Documents\GitHub\CRUD-codeigniter\system\CodeIgniter.php(410): CodeIgniter\CodeIgniter->runController(Object(App\Controllers\Komik))
#7 C:\Users\Asus\Documents\GitHub\CRUD-codeigniter\system\CodeIgniter.php(318): CodeIgniter\CodeIgniter->handleRequest(NULL, Object(Config\Cache), false)
#8 C:\Users\Asus\Documents\GitHub\CRUD-codeigniter\public\index.php(37): CodeIgniter\CodeIgniter->run()
#9 C:\Users\Asus\Documents\GitHub\CRUD-codeigniter\system\Commands\Server\rewrite.php(43): require_once('C:\\Users\\Asus\\D...')
#10 {main}
CRITICAL - 2021-12-10 22:46:01 --> Undefined variable $csrf_field
#0 C:\Users\Asus\Documents\GitHub\CRUD-codeigniter\app\Views\komik\detail.php(20): CodeIgniter\Debug\Exceptions->errorHandler(2, 'Undefined varia...', 'C:\\Users\\Asus\\D...', 20)
#1 C:\Users\Asus\Documents\GitHub\CRUD-codeigniter\system\View\View.php(214): include('C:\\Users\\Asus\\D...')
#2 C:\Users\Asus\Documents\GitHub\CRUD-codeigniter\system\View\View.php(217): CodeIgniter\View\View->CodeIgniter\View\{closure}()
#3 C:\Users\Asus\Documents\GitHub\CRUD-codeigniter\system\Common.php(1097): CodeIgniter\View\View->render('komik/detail', Array, true)
#4 C:\Users\Asus\Documents\GitHub\CRUD-codeigniter\app\Controllers\Komik.php(32): view('komik/detail', Array)
#5 C:\Users\Asus\Documents\GitHub\CRUD-codeigniter\system\CodeIgniter.php(824): App\Controllers\Komik->detail('naruto')
#6 C:\Users\Asus\Documents\GitHub\CRUD-codeigniter\system\CodeIgniter.php(410): CodeIgniter\CodeIgniter->runController(Object(App\Controllers\Komik))
#7 C:\Users\Asus\Documents\GitHub\CRUD-codeigniter\system\CodeIgniter.php(318): CodeIgniter\CodeIgniter->handleRequest(NULL, Object(Config\Cache), false)
#8 C:\Users\Asus\Documents\GitHub\CRUD-codeigniter\public\index.php(37): CodeIgniter\CodeIgniter->run()
#9 C:\Users\Asus\Documents\GitHub\CRUD-codeigniter\system\Commands\Server\rewrite.php(43): require_once('C:\\Users\\Asus\\D...')
#10 {main}
CRITICAL - 2021-12-10 22:46:51 --> Undefined variable $csrf_field
#0 C:\Users\Asus\Documents\GitHub\CRUD-codeigniter\app\Views\komik\detail.php(20): CodeIgniter\Debug\Exceptions->errorHandler(2, 'Undefined varia...', 'C:\\Users\\Asus\\D...', 20)
#1 C:\Users\Asus\Documents\GitHub\CRUD-codeigniter\system\View\View.php(214): include('C:\\Users\\Asus\\D...')
#2 C:\Users\Asus\Documents\GitHub\CRUD-codeigniter\system\View\View.php(217): CodeIgniter\View\View->CodeIgniter\View\{closure}()
#3 C:\Users\Asus\Documents\GitHub\CRUD-codeigniter\system\Common.php(1097): CodeIgniter\View\View->render('komik/detail', Array, true)
#4 C:\Users\Asus\Documents\GitHub\CRUD-codeigniter\app\Controllers\Komik.php(32): view('komik/detail', Array)
#5 C:\Users\Asus\Documents\GitHub\CRUD-codeigniter\system\CodeIgniter.php(824): App\Controllers\Komik->detail('naruto')
#6 C:\Users\Asus\Documents\GitHub\CRUD-codeigniter\system\CodeIgniter.php(410): CodeIgniter\CodeIgniter->runController(Object(App\Controllers\Komik))
#7 C:\Users\Asus\Documents\GitHub\CRUD-codeigniter\system\CodeIgniter.php(318): CodeIgniter\CodeIgniter->handleRequest(NULL, Object(Config\Cache), false)
#8 C:\Users\Asus\Documents\GitHub\CRUD-codeigniter\public\index.php(37): CodeIgniter\CodeIgniter->run()
#9 C:\Users\Asus\Documents\GitHub\CRUD-codeigniter\system\Commands\Server\rewrite.php(43): require_once('C:\\Users\\Asus\\D...')
#10 {main}
CRITICAL - 2021-12-10 22:47:07 --> Undefined variable $csrf_field
#0 C:\Users\Asus\Documents\GitHub\CRUD-codeigniter\app\Views\komik\detail.php(20): CodeIgniter\Debug\Exceptions->errorHandler(2, 'Undefined varia...', 'C:\\Users\\Asus\\D...', 20)
#1 C:\Users\Asus\Documents\GitHub\CRUD-codeigniter\system\View\View.php(214): include('C:\\Users\\Asus\\D...')
#2 C:\Users\Asus\Documents\GitHub\CRUD-codeigniter\system\View\View.php(217): CodeIgniter\View\View->CodeIgniter\View\{closure}()
#3 C:\Users\Asus\Documents\GitHub\CRUD-codeigniter\system\Common.php(1097): CodeIgniter\View\View->render('komik/detail', Array, true)
#4 C:\Users\Asus\Documents\GitHub\CRUD-codeigniter\app\Controllers\Komik.php(32): view('komik/detail', Array)
#5 C:\Users\Asus\Documents\GitHub\CRUD-codeigniter\system\CodeIgniter.php(824): App\Controllers\Komik->detail('naruto')
#6 C:\Users\Asus\Documents\GitHub\CRUD-codeigniter\system\CodeIgniter.php(410): CodeIgniter\CodeIgniter->runController(Object(App\Controllers\Komik))
#7 C:\Users\Asus\Documents\GitHub\CRUD-codeigniter\system\CodeIgniter.php(318): CodeIgniter\CodeIgniter->handleRequest(NULL, Object(Config\Cache), false)
#8 C:\Users\Asus\Documents\GitHub\CRUD-codeigniter\public\index.php(37): CodeIgniter\CodeIgniter->run()
#9 C:\Users\Asus\Documents\GitHub\CRUD-codeigniter\system\Commands\Server\rewrite.php(43): require_once('C:\\Users\\Asus\\D...')
#10 {main}
CRITICAL - 2021-12-10 22:47:11 --> Undefined variable $csrf_field
#0 C:\Users\Asus\Documents\GitHub\CRUD-codeigniter\app\Views\komik\detail.php(20): CodeIgniter\Debug\Exceptions->errorHandler(2, 'Undefined varia...', 'C:\\Users\\Asus\\D...', 20)
#1 C:\Users\Asus\Documents\GitHub\CRUD-codeigniter\system\View\View.php(214): include('C:\\Users\\Asus\\D...')
#2 C:\Users\Asus\Documents\GitHub\CRUD-codeigniter\system\View\View.php(217): CodeIgniter\View\View->CodeIgniter\View\{closure}()
#3 C:\Users\Asus\Documents\GitHub\CRUD-codeigniter\system\Common.php(1097): CodeIgniter\View\View->render('komik/detail', Array, true)
#4 C:\Users\Asus\Documents\GitHub\CRUD-codeigniter\app\Controllers\Komik.php(32): view('komik/detail', Array)
#5 C:\Users\Asus\Documents\GitHub\CRUD-codeigniter\system\CodeIgniter.php(824): App\Controllers\Komik->detail('naruto')
#6 C:\Users\Asus\Documents\GitHub\CRUD-codeigniter\system\CodeIgniter.php(410): CodeIgniter\CodeIgniter->runController(Object(App\Controllers\Komik))
#7 C:\Users\Asus\Documents\GitHub\CRUD-codeigniter\system\CodeIgniter.php(318): CodeIgniter\CodeIgniter->handleRequest(NULL, Object(Config\Cache), false)
#8 C:\Users\Asus\Documents\GitHub\CRUD-codeigniter\public\index.php(37): CodeIgniter\CodeIgniter->run()
#9 C:\Users\Asus\Documents\GitHub\CRUD-codeigniter\system\Commands\Server\rewrite.php(43): require_once('C:\\Users\\Asus\\D...')
#10 {main}
CRITICAL - 2021-12-10 22:47:52 --> Undefined variable $csrf_field
#0 C:\Users\Asus\Documents\GitHub\CRUD-codeigniter\app\Views\komik\detail.php(20): CodeIgniter\Debug\Exceptions->errorHandler(2, 'Undefined varia...', 'C:\\Users\\Asus\\D...', 20)
#1 C:\Users\Asus\Documents\GitHub\CRUD-codeigniter\system\View\View.php(214): include('C:\\Users\\Asus\\D...')
#2 C:\Users\Asus\Documents\GitHub\CRUD-codeigniter\system\View\View.php(217): CodeIgniter\View\View->CodeIgniter\View\{closure}()
#3 C:\Users\Asus\Documents\GitHub\CRUD-codeigniter\system\Common.php(1097): CodeIgniter\View\View->render('komik/detail', Array, true)
#4 C:\Users\Asus\Documents\GitHub\CRUD-codeigniter\app\Controllers\Komik.php(32): view('komik/detail', Array)
#5 C:\Users\Asus\Documents\GitHub\CRUD-codeigniter\system\CodeIgniter.php(824): App\Controllers\Komik->detail('naruto')
#6 C:\Users\Asus\Documents\GitHub\CRUD-codeigniter\system\CodeIgniter.php(410): CodeIgniter\CodeIgniter->runController(Object(App\Controllers\Komik))
#7 C:\Users\Asus\Documents\GitHub\CRUD-codeigniter\system\CodeIgniter.php(318): CodeIgniter\CodeIgniter->handleRequest(NULL, Object(Config\Cache), false)
#8 C:\Users\Asus\Documents\GitHub\CRUD-codeigniter\public\index.php(37): CodeIgniter\CodeIgniter->run()
#9 C:\Users\Asus\Documents\GitHub\CRUD-codeigniter\system\Commands\Server\rewrite.php(43): require_once('C:\\Users\\Asus\\D...')
#10 {main}
CRITICAL - 2021-12-10 22:49:09 --> Undefined variable $csrf_field
#0 C:\Users\Asus\Documents\GitHub\CRUD-codeigniter\app\Views\komik\detail.php(20): CodeIgniter\Debug\Exceptions->errorHandler(2, 'Undefined varia...', 'C:\\Users\\Asus\\D...', 20)
#1 C:\Users\Asus\Documents\GitHub\CRUD-codeigniter\system\View\View.php(214): include('C:\\Users\\Asus\\D...')
#2 C:\Users\Asus\Documents\GitHub\CRUD-codeigniter\system\View\View.php(217): CodeIgniter\View\View->CodeIgniter\View\{closure}()
#3 C:\Users\Asus\Documents\GitHub\CRUD-codeigniter\system\Common.php(1097): CodeIgniter\View\View->render('komik/detail', Array, true)
#4 C:\Users\Asus\Documents\GitHub\CRUD-codeigniter\app\Controllers\Komik.php(32): view('komik/detail', Array)
#5 C:\Users\Asus\Documents\GitHub\CRUD-codeigniter\system\CodeIgniter.php(824): App\Controllers\Komik->detail('naruto')
#6 C:\Users\Asus\Documents\GitHub\CRUD-codeigniter\system\CodeIgniter.php(410): CodeIgniter\CodeIgniter->runController(Object(App\Controllers\Komik))
#7 C:\Users\Asus\Documents\GitHub\CRUD-codeigniter\system\CodeIgniter.php(318): CodeIgniter\CodeIgniter->handleRequest(NULL, Object(Config\Cache), false)
#8 C:\Users\Asus\Documents\GitHub\CRUD-codeigniter\public\index.php(37): CodeIgniter\CodeIgniter->run()
#9 C:\Users\Asus\Documents\GitHub\CRUD-codeigniter\system\Commands\Server\rewrite.php(43): require_once('C:\\Users\\Asus\\D...')
#10 {main}
CRITICAL - 2021-12-10 22:49:16 --> Undefined variable $csrf_field
#0 C:\Users\Asus\Documents\GitHub\CRUD-codeigniter\app\Views\komik\detail.php(20): CodeIgniter\Debug\Exceptions->errorHandler(2, 'Undefined varia...', 'C:\\Users\\Asus\\D...', 20)
#1 C:\Users\Asus\Documents\GitHub\CRUD-codeigniter\system\View\View.php(214): include('C:\\Users\\Asus\\D...')
#2 C:\Users\Asus\Documents\GitHub\CRUD-codeigniter\system\View\View.php(217): CodeIgniter\View\View->CodeIgniter\View\{closure}()
#3 C:\Users\Asus\Documents\GitHub\CRUD-codeigniter\system\Common.php(1097): CodeIgniter\View\View->render('komik/detail', Array, true)
#4 C:\Users\Asus\Documents\GitHub\CRUD-codeigniter\app\Controllers\Komik.php(32): view('komik/detail', Array)
#5 C:\Users\Asus\Documents\GitHub\CRUD-codeigniter\system\CodeIgniter.php(824): App\Controllers\Komik->detail('naruto')
#6 C:\Users\Asus\Documents\GitHub\CRUD-codeigniter\system\CodeIgniter.php(410): CodeIgniter\CodeIgniter->runController(Object(App\Controllers\Komik))
#7 C:\Users\Asus\Documents\GitHub\CRUD-codeigniter\system\CodeIgniter.php(318): CodeIgniter\CodeIgniter->handleRequest(NULL, Object(Config\Cache), false)
#8 C:\Users\Asus\Documents\GitHub\CRUD-codeigniter\public\index.php(37): CodeIgniter\CodeIgniter->run()
#9 C:\Users\Asus\Documents\GitHub\CRUD-codeigniter\system\Commands\Server\rewrite.php(43): require_once('C:\\Users\\Asus\\D...')
#10 {main}
CRITICAL - 2021-12-10 22:49:25 --> Undefined variable $csrf_field
#0 C:\Users\Asus\Documents\GitHub\CRUD-codeigniter\app\Views\komik\detail.php(20): CodeIgniter\Debug\Exceptions->errorHandler(2, 'Undefined varia...', 'C:\\Users\\Asus\\D...', 20)
#1 C:\Users\Asus\Documents\GitHub\CRUD-codeigniter\system\View\View.php(214): include('C:\\Users\\Asus\\D...')
#2 C:\Users\Asus\Documents\GitHub\CRUD-codeigniter\system\View\View.php(217): CodeIgniter\View\View->CodeIgniter\View\{closure}()
#3 C:\Users\Asus\Documents\GitHub\CRUD-codeigniter\system\Common.php(1097): CodeIgniter\View\View->render('komik/detail', Array, true)
#4 C:\Users\Asus\Documents\GitHub\CRUD-codeigniter\app\Controllers\Komik.php(32): view('komik/detail', Array)
#5 C:\Users\Asus\Documents\GitHub\CRUD-codeigniter\system\CodeIgniter.php(824): App\Controllers\Komik->detail('naruto')
#6 C:\Users\Asus\Documents\GitHub\CRUD-codeigniter\system\CodeIgniter.php(410): CodeIgniter\CodeIgniter->runController(Object(App\Controllers\Komik))
#7 C:\Users\Asus\Documents\GitHub\CRUD-codeigniter\system\CodeIgniter.php(318): CodeIgniter\CodeIgniter->handleRequest(NULL, Object(Config\Cache), false)
#8 C:\Users\Asus\Documents\GitHub\CRUD-codeigniter\public\index.php(37): CodeIgniter\CodeIgniter->run()
#9 C:\Users\Asus\Documents\GitHub\CRUD-codeigniter\system\Commands\Server\rewrite.php(43): require_once('C:\\Users\\Asus\\D...')
#10 {main}
CRITICAL - 2021-12-10 22:49:40 --> Array to string conversion
#0 C:\Users\Asus\Documents\GitHub\CRUD-codeigniter\app\Views\komik\detail.php(19): CodeIgniter\Debug\Exceptions->errorHandler(2, 'Array to string...', 'C:\\Users\\Asus\\D...', 19)
#1 C:\Users\Asus\Documents\GitHub\CRUD-codeigniter\system\View\View.php(214): include('C:\\Users\\Asus\\D...')
#2 C:\Users\Asus\Documents\GitHub\CRUD-codeigniter\system\View\View.php(217): CodeIgniter\View\View->CodeIgniter\View\{closure}()
#3 C:\Users\Asus\Documents\GitHub\CRUD-codeigniter\system\Common.php(1097): CodeIgniter\View\View->render('komik/detail', Array, true)
#4 C:\Users\Asus\Documents\GitHub\CRUD-codeigniter\app\Controllers\Komik.php(32): view('komik/detail', Array)
#5 C:\Users\Asus\Documents\GitHub\CRUD-codeigniter\system\CodeIgniter.php(824): App\Controllers\Komik->detail('naruto')
#6 C:\Users\Asus\Documents\GitHub\CRUD-codeigniter\system\CodeIgniter.php(410): CodeIgniter\CodeIgniter->runController(Object(App\Controllers\Komik))
#7 C:\Users\Asus\Documents\GitHub\CRUD-codeigniter\system\CodeIgniter.php(318): CodeIgniter\CodeIgniter->handleRequest(NULL, Object(Config\Cache), false)
#8 C:\Users\Asus\Documents\GitHub\CRUD-codeigniter\public\index.php(37): CodeIgniter\CodeIgniter->run()
#9 C:\Users\Asus\Documents\GitHub\CRUD-codeigniter\system\Commands\Server\rewrite.php(43): require_once('C:\\Users\\Asus\\D...')
#10 {main}
CRITICAL - 2021-12-10 22:49:52 --> Undefined variable $csrf_field
#0 C:\Users\Asus\Documents\GitHub\CRUD-codeigniter\app\Views\komik\detail.php(20): CodeIgniter\Debug\Exceptions->errorHandler(2, 'Undefined varia...', 'C:\\Users\\Asus\\D...', 20)
#1 C:\Users\Asus\Documents\GitHub\CRUD-codeigniter\system\View\View.php(214): include('C:\\Users\\Asus\\D...')
#2 C:\Users\Asus\Documents\GitHub\CRUD-codeigniter\system\View\View.php(217): CodeIgniter\View\View->CodeIgniter\View\{closure}()
#3 C:\Users\Asus\Documents\GitHub\CRUD-codeigniter\system\Common.php(1097): CodeIgniter\View\View->render('komik/detail', Array, true)
#4 C:\Users\Asus\Documents\GitHub\CRUD-codeigniter\app\Controllers\Komik.php(32): view('komik/detail', Array)
#5 C:\Users\Asus\Documents\GitHub\CRUD-codeigniter\system\CodeIgniter.php(824): App\Controllers\Komik->detail('naruto')
#6 C:\Users\Asus\Documents\GitHub\CRUD-codeigniter\system\CodeIgniter.php(410): CodeIgniter\CodeIgniter->runController(Object(App\Controllers\Komik))
#7 C:\Users\Asus\Documents\GitHub\CRUD-codeigniter\system\CodeIgniter.php(318): CodeIgniter\CodeIgniter->handleRequest(NULL, Object(Config\Cache), false)
#8 C:\Users\Asus\Documents\GitHub\CRUD-codeigniter\public\index.php(37): CodeIgniter\CodeIgniter->run()
#9 C:\Users\Asus\Documents\GitHub\CRUD-codeigniter\system\Commands\Server\rewrite.php(43): require_once('C:\\Users\\Asus\\D...')
#10 {main}
CRITICAL - 2021-12-10 22:51:23 --> Undefined variable $csrf_field
#0 C:\Users\Asus\Documents\GitHub\CRUD-codeigniter\app\Views\komik\detail.php(20): CodeIgniter\Debug\Exceptions->errorHandler(2, 'Undefined varia...', 'C:\\Users\\Asus\\D...', 20)
#1 C:\Users\Asus\Documents\GitHub\CRUD-codeigniter\system\View\View.php(214): include('C:\\Users\\Asus\\D...')
#2 C:\Users\Asus\Documents\GitHub\CRUD-codeigniter\system\View\View.php(217): CodeIgniter\View\View->CodeIgniter\View\{closure}()
#3 C:\Users\Asus\Documents\GitHub\CRUD-codeigniter\system\Common.php(1097): CodeIgniter\View\View->render('komik/detail', Array, true)
#4 C:\Users\Asus\Documents\GitHub\CRUD-codeigniter\app\Controllers\Komik.php(32): view('komik/detail', Array)
#5 C:\Users\Asus\Documents\GitHub\CRUD-codeigniter\system\CodeIgniter.php(824): App\Controllers\Komik->detail('naruto')
#6 C:\Users\Asus\Documents\GitHub\CRUD-codeigniter\system\CodeIgniter.php(410): CodeIgniter\CodeIgniter->runController(Object(App\Controllers\Komik))
#7 C:\Users\Asus\Documents\GitHub\CRUD-codeigniter\system\CodeIgniter.php(318): CodeIgniter\CodeIgniter->handleRequest(NULL, Object(Config\Cache), false)
#8 C:\Users\Asus\Documents\GitHub\CRUD-codeigniter\public\index.php(37): CodeIgniter\CodeIgniter->run()
#9 C:\Users\Asus\Documents\GitHub\CRUD-codeigniter\system\Commands\Server\rewrite.php(43): require_once('C:\\Users\\Asus\\D...')
#10 {main}
CRITICAL - 2021-12-10 22:53:37 --> Undefined variable $csrf_field
#0 C:\Users\Asus\Documents\GitHub\CRUD-codeigniter\app\Views\komik\detail.php(20): CodeIgniter\Debug\Exceptions->errorHandler(2, 'Undefined varia...', 'C:\\Users\\Asus\\D...', 20)
#1 C:\Users\Asus\Documents\GitHub\CRUD-codeigniter\system\View\View.php(214): include('C:\\Users\\Asus\\D...')
#2 C:\Users\Asus\Documents\GitHub\CRUD-codeigniter\system\View\View.php(217): CodeIgniter\View\View->CodeIgniter\View\{closure}()
#3 C:\Users\Asus\Documents\GitHub\CRUD-codeigniter\system\Common.php(1097): CodeIgniter\View\View->render('komik/detail', Array, true)
#4 C:\Users\Asus\Documents\GitHub\CRUD-codeigniter\app\Controllers\Komik.php(32): view('komik/detail', Array)
#5 C:\Users\Asus\Documents\GitHub\CRUD-codeigniter\system\CodeIgniter.php(824): App\Controllers\Komik->detail('qqwewe')
#6 C:\Users\Asus\Documents\GitHub\CRUD-codeigniter\system\CodeIgniter.php(410): CodeIgniter\CodeIgniter->runController(Object(App\Controllers\Komik))
#7 C:\Users\Asus\Documents\GitHub\CRUD-codeigniter\system\CodeIgniter.php(318): CodeIgniter\CodeIgniter->handleRequest(NULL, Object(Config\Cache), false)
#8 C:\Users\Asus\Documents\GitHub\CRUD-codeigniter\public\index.php(37): CodeIgniter\CodeIgniter->run()
#9 C:\Users\Asus\Documents\GitHub\CRUD-codeigniter\system\Commands\Server\rewrite.php(43): require_once('C:\\Users\\Asus\\D...')
#10 {main}
