CRITICAL - 2021-12-17 23:03:06 --> syntax error, unexpected token "<<", expecting end of file
#0 C:\Users\Asus\Documents\GitHub\Latihan-codeigniter\system\Autoloader\Autoloader.php(241): CodeIgniter\Autoloader\Autoloader->includeFile('C:\\Users\\Asus\\D...')
#1 C:\Users\Asus\Documents\GitHub\Latihan-codeigniter\system\Autoloader\Autoloader.php(219): CodeIgniter\Autoloader\Autoloader->loadInNamespace('App\\Controllers...')
#2 [internal function]: CodeIgniter\Autoloader\Autoloader->loadClass('App\\Controllers...')
#3 C:\Users\Asus\Documents\GitHub\Latihan-codeigniter\system\CodeIgniter.php(789): class_exists('\\App\\Controller...', true)
#4 C:\Users\Asus\Documents\GitHub\Latihan-codeigniter\system\CodeIgniter.php(397): CodeIgniter\CodeIgniter->startController()
#5 C:\Users\Asus\Documents\GitHub\Latihan-codeigniter\system\CodeIgniter.php(318): CodeIgniter\CodeIgniter->handleRequest(NULL, Object(Config\Cache), false)
#6 C:\Users\Asus\Documents\GitHub\Latihan-codeigniter\public\index.php(37): CodeIgniter\CodeIgniter->run()
#7 C:\Users\Asus\Documents\GitHub\Latihan-codeigniter\system\Commands\Server\rewrite.php(43): require_once('C:\\Users\\Asus\\D...')
#8 {main}
CRITICAL - 2021-12-17 23:03:27 --> syntax error, unexpected token "<<", expecting end of file
#0 C:\Users\Asus\Documents\GitHub\Latihan-codeigniter\system\Autoloader\Autoloader.php(241): CodeIgniter\Autoloader\Autoloader->includeFile('C:\\Users\\Asus\\D...')
#1 C:\Users\Asus\Documents\GitHub\Latihan-codeigniter\system\Autoloader\Autoloader.php(219): CodeIgniter\Autoloader\Autoloader->loadInNamespace('App\\Controllers...')
#2 [internal function]: CodeIgniter\Autoloader\Autoloader->loadClass('App\\Controllers...')
#3 C:\Users\Asus\Documents\GitHub\Latihan-codeigniter\system\CodeIgniter.php(789): class_exists('\\App\\Controller...', true)
#4 C:\Users\Asus\Documents\GitHub\Latihan-codeigniter\system\CodeIgniter.php(397): CodeIgniter\CodeIgniter->startController()
#5 C:\Users\Asus\Documents\GitHub\Latihan-codeigniter\system\CodeIgniter.php(318): CodeIgniter\CodeIgniter->handleRequest(NULL, Object(Config\Cache), false)
#6 C:\Users\Asus\Documents\GitHub\Latihan-codeigniter\public\index.php(37): CodeIgniter\CodeIgniter->run()
#7 C:\Users\Asus\Documents\GitHub\Latihan-codeigniter\system\Commands\Server\rewrite.php(43): require_once('C:\\Users\\Asus\\D...')
#8 {main}
CRITICAL - 2021-12-17 23:04:45 --> syntax error, unexpected token "<<", expecting "function" or "const"
#0 C:\Users\Asus\Documents\GitHub\Latihan-codeigniter\system\Autoloader\Autoloader.php(241): CodeIgniter\Autoloader\Autoloader->includeFile('C:\\Users\\Asus\\D...')
#1 C:\Users\Asus\Documents\GitHub\Latihan-codeigniter\system\Autoloader\Autoloader.php(219): CodeIgniter\Autoloader\Autoloader->loadInNamespace('App\\Models\\Komi...')
#2 C:\Users\Asus\Documents\GitHub\Latihan-codeigniter\app\Controllers\Pages.php(16): CodeIgniter\Autoloader\Autoloader->loadClass('App\\Models\\Komi...')
#3 C:\Users\Asus\Documents\GitHub\Latihan-codeigniter\system\CodeIgniter.php(801): App\Controllers\Pages->__construct()
#4 C:\Users\Asus\Documents\GitHub\Latihan-codeigniter\system\CodeIgniter.php(401): CodeIgniter\CodeIgniter->createController()
#5 C:\Users\Asus\Documents\GitHub\Latihan-codeigniter\system\CodeIgniter.php(318): CodeIgniter\CodeIgniter->handleRequest(NULL, Object(Config\Cache), false)
#6 C:\Users\Asus\Documents\GitHub\Latihan-codeigniter\public\index.php(37): CodeIgniter\CodeIgniter->run()
#7 C:\Users\Asus\Documents\GitHub\Latihan-codeigniter\system\Commands\Server\rewrite.php(43): require_once('C:\\Users\\Asus\\D...')
#8 {main}
CRITICAL - 2021-12-17 23:05:17 --> syntax error, unexpected token "<<", expecting "function" or "const"
#0 C:\Users\Asus\Documents\GitHub\Latihan-codeigniter\system\Autoloader\Autoloader.php(241): CodeIgniter\Autoloader\Autoloader->includeFile('C:\\Users\\Asus\\D...')
#1 C:\Users\Asus\Documents\GitHub\Latihan-codeigniter\system\Autoloader\Autoloader.php(219): CodeIgniter\Autoloader\Autoloader->loadInNamespace('App\\Models\\Komi...')
#2 C:\Users\Asus\Documents\GitHub\Latihan-codeigniter\app\Controllers\Pages.php(16): CodeIgniter\Autoloader\Autoloader->loadClass('App\\Models\\Komi...')
#3 C:\Users\Asus\Documents\GitHub\Latihan-codeigniter\system\CodeIgniter.php(801): App\Controllers\Pages->__construct()
#4 C:\Users\Asus\Documents\GitHub\Latihan-codeigniter\system\CodeIgniter.php(401): CodeIgniter\CodeIgniter->createController()
#5 C:\Users\Asus\Documents\GitHub\Latihan-codeigniter\system\CodeIgniter.php(318): CodeIgniter\CodeIgniter->handleRequest(NULL, Object(Config\Cache), false)
#6 C:\Users\Asus\Documents\GitHub\Latihan-codeigniter\public\index.php(37): CodeIgniter\CodeIgniter->run()
#7 C:\Users\Asus\Documents\GitHub\Latihan-codeigniter\system\Commands\Server\rewrite.php(43): require_once('C:\\Users\\Asus\\D...')
#8 {main}
ERROR - 2021-12-17 23:05:38 --> Table 'codeigniter_auction.komik' doesn't exist
CRITICAL - 2021-12-17 23:05:38 --> Table 'codeigniter_auction.komik' doesn't exist
#0 C:\Users\Asus\Documents\GitHub\Latihan-codeigniter\system\Database\MySQLi\Connection.php(292): mysqli->query('SELECT COUNT(*)...', 0)
#1 C:\Users\Asus\Documents\GitHub\Latihan-codeigniter\system\Database\BaseConnection.php(670): CodeIgniter\Database\MySQLi\Connection->execute('SELECT COUNT(*)...')
#2 C:\Users\Asus\Documents\GitHub\Latihan-codeigniter\system\Database\BaseConnection.php(598): CodeIgniter\Database\BaseConnection->simpleQuery('SELECT COUNT(*)...')
#3 C:\Users\Asus\Documents\GitHub\Latihan-codeigniter\system\Database\BaseBuilder.php(1527): CodeIgniter\Database\BaseConnection->query('SELECT COUNT(*)...', Array, false)
#4 C:\Users\Asus\Documents\GitHub\Latihan-codeigniter\system\Model.php(509): CodeIgniter\Database\BaseBuilder->countAllResults(false)
#5 C:\Users\Asus\Documents\GitHub\Latihan-codeigniter\system\BaseModel.php(1084): CodeIgniter\Model->countAllResults(false)
#6 C:\Users\Asus\Documents\GitHub\Latihan-codeigniter\app\Controllers\Pages.php(26): CodeIgniter\BaseModel->paginate(1, 'product')
#7 C:\Users\Asus\Documents\GitHub\Latihan-codeigniter\system\CodeIgniter.php(824): App\Controllers\Pages->index()
#8 C:\Users\Asus\Documents\GitHub\Latihan-codeigniter\system\CodeIgniter.php(410): CodeIgniter\CodeIgniter->runController(Object(App\Controllers\Pages))
#9 C:\Users\Asus\Documents\GitHub\Latihan-codeigniter\system\CodeIgniter.php(318): CodeIgniter\CodeIgniter->handleRequest(NULL, Object(Config\Cache), false)
#10 C:\Users\Asus\Documents\GitHub\Latihan-codeigniter\public\index.php(37): CodeIgniter\CodeIgniter->run()
#11 C:\Users\Asus\Documents\GitHub\Latihan-codeigniter\system\Commands\Server\rewrite.php(43): require_once('C:\\Users\\Asus\\D...')
#12 {main}
CRITICAL - 2021-12-17 23:06:17 --> Call to undefined method App\Models\KomikModel::getProduct
#0 C:\Users\Asus\Documents\GitHub\Latihan-codeigniter\app\Controllers\Pages.php(65): CodeIgniter\Model->__call('getProduct', Array)
#1 C:\Users\Asus\Documents\GitHub\Latihan-codeigniter\system\CodeIgniter.php(824): App\Controllers\Pages->detailProduct('one-piece')
#2 C:\Users\Asus\Documents\GitHub\Latihan-codeigniter\system\CodeIgniter.php(410): CodeIgniter\CodeIgniter->runController(Object(App\Controllers\Pages))
#3 C:\Users\Asus\Documents\GitHub\Latihan-codeigniter\system\CodeIgniter.php(318): CodeIgniter\CodeIgniter->handleRequest(NULL, Object(Config\Cache), false)
#4 C:\Users\Asus\Documents\GitHub\Latihan-codeigniter\public\index.php(37): CodeIgniter\CodeIgniter->run()
#5 C:\Users\Asus\Documents\GitHub\Latihan-codeigniter\system\Commands\Server\rewrite.php(43): require_once('C:\\Users\\Asus\\D...')
#6 {main}
CRITICAL - 2021-12-17 23:07:13 --> Call to undefined method App\Models\ProductModel::getProduct
#0 C:\Users\Asus\Documents\GitHub\Latihan-codeigniter\app\Controllers\Pages.php(65): CodeIgniter\Model->__call('getProduct', Array)
#1 C:\Users\Asus\Documents\GitHub\Latihan-codeigniter\system\CodeIgniter.php(824): App\Controllers\Pages->detailProduct('one-piece')
#2 C:\Users\Asus\Documents\GitHub\Latihan-codeigniter\system\CodeIgniter.php(410): CodeIgniter\CodeIgniter->runController(Object(App\Controllers\Pages))
#3 C:\Users\Asus\Documents\GitHub\Latihan-codeigniter\system\CodeIgniter.php(318): CodeIgniter\CodeIgniter->handleRequest(NULL, Object(Config\Cache), false)
#4 C:\Users\Asus\Documents\GitHub\Latihan-codeigniter\public\index.php(37): CodeIgniter\CodeIgniter->run()
#5 C:\Users\Asus\Documents\GitHub\Latihan-codeigniter\system\Commands\Server\rewrite.php(43): require_once('C:\\Users\\Asus\\D...')
#6 {main}
CRITICAL - 2021-12-17 23:07:35 --> Call to undefined method App\Models\ProductModel::getProduct
#0 C:\Users\Asus\Documents\GitHub\Latihan-codeigniter\app\Controllers\Pages.php(65): CodeIgniter\Model->__call('getProduct', Array)
#1 C:\Users\Asus\Documents\GitHub\Latihan-codeigniter\system\CodeIgniter.php(824): App\Controllers\Pages->detailProduct('one-piece')
#2 C:\Users\Asus\Documents\GitHub\Latihan-codeigniter\system\CodeIgniter.php(410): CodeIgniter\CodeIgniter->runController(Object(App\Controllers\Pages))
#3 C:\Users\Asus\Documents\GitHub\Latihan-codeigniter\system\CodeIgniter.php(318): CodeIgniter\CodeIgniter->handleRequest(NULL, Object(Config\Cache), false)
#4 C:\Users\Asus\Documents\GitHub\Latihan-codeigniter\public\index.php(37): CodeIgniter\CodeIgniter->run()
#5 C:\Users\Asus\Documents\GitHub\Latihan-codeigniter\system\Commands\Server\rewrite.php(43): require_once('C:\\Users\\Asus\\D...')
#6 {main}
CRITICAL - 2021-12-17 23:07:44 --> Invalid file: komik/index.php
#0 C:\Users\Asus\Documents\GitHub\Latihan-codeigniter\system\View\View.php(198): CodeIgniter\Exceptions\FrameworkException::forInvalidFile('komik/index.php')
#1 C:\Users\Asus\Documents\GitHub\Latihan-codeigniter\system\Common.php(1097): CodeIgniter\View\View->render('komik/index', Array, true)
#2 C:\Users\Asus\Documents\GitHub\Latihan-codeigniter\app\Controllers\Komik.php(22): view('komik/index', Array)
#3 C:\Users\Asus\Documents\GitHub\Latihan-codeigniter\system\CodeIgniter.php(824): App\Controllers\Komik->index()
#4 C:\Users\Asus\Documents\GitHub\Latihan-codeigniter\system\CodeIgniter.php(410): CodeIgniter\CodeIgniter->runController(Object(App\Controllers\Komik))
#5 C:\Users\Asus\Documents\GitHub\Latihan-codeigniter\system\CodeIgniter.php(318): CodeIgniter\CodeIgniter->handleRequest(NULL, Object(Config\Cache), false)
#6 C:\Users\Asus\Documents\GitHub\Latihan-codeigniter\public\index.php(37): CodeIgniter\CodeIgniter->run()
#7 C:\Users\Asus\Documents\GitHub\Latihan-codeigniter\system\Commands\Server\rewrite.php(43): require_once('C:\\Users\\Asus\\D...')
#8 {main}
CRITICAL - 2021-12-17 23:12:03 --> Undefined variable $komik
#0 C:\Users\Asus\Documents\GitHub\Latihan-codeigniter\app\Views\product\index.php(26): CodeIgniter\Debug\Exceptions->errorHandler(2, 'Undefined varia...', 'C:\\Users\\Asus\\D...', 26)
#1 C:\Users\Asus\Documents\GitHub\Latihan-codeigniter\system\View\View.php(214): include('C:\\Users\\Asus\\D...')
#2 C:\Users\Asus\Documents\GitHub\Latihan-codeigniter\system\View\View.php(217): CodeIgniter\View\View->CodeIgniter\View\{closure}()
#3 C:\Users\Asus\Documents\GitHub\Latihan-codeigniter\system\Common.php(1097): CodeIgniter\View\View->render('product/index', Array, true)
#4 C:\Users\Asus\Documents\GitHub\Latihan-codeigniter\app\Controllers\Product.php(22): view('product/index', Array)
#5 C:\Users\Asus\Documents\GitHub\Latihan-codeigniter\system\CodeIgniter.php(824): App\Controllers\Product->index()
#6 C:\Users\Asus\Documents\GitHub\Latihan-codeigniter\system\CodeIgniter.php(410): CodeIgniter\CodeIgniter->runController(Object(App\Controllers\Product))
#7 C:\Users\Asus\Documents\GitHub\Latihan-codeigniter\system\CodeIgniter.php(318): CodeIgniter\CodeIgniter->handleRequest(NULL, Object(Config\Cache), false)
#8 C:\Users\Asus\Documents\GitHub\Latihan-codeigniter\public\index.php(37): CodeIgniter\CodeIgniter->run()
#9 C:\Users\Asus\Documents\GitHub\Latihan-codeigniter\system\Commands\Server\rewrite.php(43): require_once('C:\\Users\\Asus\\D...')
#10 {main}
CRITICAL - 2021-12-17 23:12:41 --> Undefined variable $komik
#0 C:\Users\Asus\Documents\GitHub\Latihan-codeigniter\app\Views\product\detail.php(11): CodeIgniter\Debug\Exceptions->errorHandler(2, 'Undefined varia...', 'C:\\Users\\Asus\\D...', 11)
#1 C:\Users\Asus\Documents\GitHub\Latihan-codeigniter\system\View\View.php(214): include('C:\\Users\\Asus\\D...')
#2 C:\Users\Asus\Documents\GitHub\Latihan-codeigniter\system\View\View.php(217): CodeIgniter\View\View->CodeIgniter\View\{closure}()
#3 C:\Users\Asus\Documents\GitHub\Latihan-codeigniter\system\Common.php(1097): CodeIgniter\View\View->render('product/detail', Array, true)
#4 C:\Users\Asus\Documents\GitHub\Latihan-codeigniter\app\Controllers\Product.php(33): view('product/detail', Array)
#5 C:\Users\Asus\Documents\GitHub\Latihan-codeigniter\system\CodeIgniter.php(824): App\Controllers\Product->detail('naruto')
#6 C:\Users\Asus\Documents\GitHub\Latihan-codeigniter\system\CodeIgniter.php(410): CodeIgniter\CodeIgniter->runController(Object(App\Controllers\Product))
#7 C:\Users\Asus\Documents\GitHub\Latihan-codeigniter\system\CodeIgniter.php(318): CodeIgniter\CodeIgniter->handleRequest(NULL, Object(Config\Cache), false)
#8 C:\Users\Asus\Documents\GitHub\Latihan-codeigniter\public\index.php(37): CodeIgniter\CodeIgniter->run()
#9 C:\Users\Asus\Documents\GitHub\Latihan-codeigniter\system\Commands\Server\rewrite.php(43): require_once('C:\\Users\\Asus\\D...')
#10 {main}
CRITICAL - 2021-12-17 23:13:04 --> Undefined variable $komik
#0 C:\Users\Asus\Documents\GitHub\Latihan-codeigniter\app\Views\product\edit.php(8): CodeIgniter\Debug\Exceptions->errorHandler(2, 'Undefined varia...', 'C:\\Users\\Asus\\D...', 8)
#1 C:\Users\Asus\Documents\GitHub\Latihan-codeigniter\system\View\View.php(214): include('C:\\Users\\Asus\\D...')
#2 C:\Users\Asus\Documents\GitHub\Latihan-codeigniter\system\View\View.php(217): CodeIgniter\View\View->CodeIgniter\View\{closure}()
#3 C:\Users\Asus\Documents\GitHub\Latihan-codeigniter\system\Common.php(1097): CodeIgniter\View\View->render('product/edit', Array, true)
#4 C:\Users\Asus\Documents\GitHub\Latihan-codeigniter\app\Controllers\Product.php(129): view('product/edit', Array)
#5 C:\Users\Asus\Documents\GitHub\Latihan-codeigniter\system\CodeIgniter.php(824): App\Controllers\Product->edit('naruto')
#6 C:\Users\Asus\Documents\GitHub\Latihan-codeigniter\system\CodeIgniter.php(410): CodeIgniter\CodeIgniter->runController(Object(App\Controllers\Product))
#7 C:\Users\Asus\Documents\GitHub\Latihan-codeigniter\system\CodeIgniter.php(318): CodeIgniter\CodeIgniter->handleRequest(NULL, Object(Config\Cache), false)
#8 C:\Users\Asus\Documents\GitHub\Latihan-codeigniter\public\index.php(37): CodeIgniter\CodeIgniter->run()
#9 C:\Users\Asus\Documents\GitHub\Latihan-codeigniter\system\Commands\Server\rewrite.php(43): require_once('C:\\Users\\Asus\\D...')
#10 {main}
CRITICAL - 2021-12-17 23:13:31 --> Undefined array key "penulis"
#0 C:\Users\Asus\Documents\GitHub\Latihan-codeigniter\app\Views\product\edit.php(24): CodeIgniter\Debug\Exceptions->errorHandler(2, 'Undefined array...', 'C:\\Users\\Asus\\D...', 24)
#1 C:\Users\Asus\Documents\GitHub\Latihan-codeigniter\system\View\View.php(214): include('C:\\Users\\Asus\\D...')
#2 C:\Users\Asus\Documents\GitHub\Latihan-codeigniter\system\View\View.php(217): CodeIgniter\View\View->CodeIgniter\View\{closure}()
#3 C:\Users\Asus\Documents\GitHub\Latihan-codeigniter\system\Common.php(1097): CodeIgniter\View\View->render('product/edit', Array, true)
#4 C:\Users\Asus\Documents\GitHub\Latihan-codeigniter\app\Controllers\Product.php(129): view('product/edit', Array)
#5 C:\Users\Asus\Documents\GitHub\Latihan-codeigniter\system\CodeIgniter.php(824): App\Controllers\Product->edit('naruto')
#6 C:\Users\Asus\Documents\GitHub\Latihan-codeigniter\system\CodeIgniter.php(410): CodeIgniter\CodeIgniter->runController(Object(App\Controllers\Product))
#7 C:\Users\Asus\Documents\GitHub\Latihan-codeigniter\system\CodeIgniter.php(318): CodeIgniter\CodeIgniter->handleRequest(NULL, Object(Config\Cache), false)
#8 C:\Users\Asus\Documents\GitHub\Latihan-codeigniter\public\index.php(37): CodeIgniter\CodeIgniter->run()
#9 C:\Users\Asus\Documents\GitHub\Latihan-codeigniter\system\Commands\Server\rewrite.php(43): require_once('C:\\Users\\Asus\\D...')
#10 {main}
CRITICAL - 2021-12-17 23:13:34 --> Undefined array key "penulis"
#0 C:\Users\Asus\Documents\GitHub\Latihan-codeigniter\app\Views\product\edit.php(24): CodeIgniter\Debug\Exceptions->errorHandler(2, 'Undefined array...', 'C:\\Users\\Asus\\D...', 24)
#1 C:\Users\Asus\Documents\GitHub\Latihan-codeigniter\system\View\View.php(214): include('C:\\Users\\Asus\\D...')
#2 C:\Users\Asus\Documents\GitHub\Latihan-codeigniter\system\View\View.php(217): CodeIgniter\View\View->CodeIgniter\View\{closure}()
#3 C:\Users\Asus\Documents\GitHub\Latihan-codeigniter\system\Common.php(1097): CodeIgniter\View\View->render('product/edit', Array, true)
#4 C:\Users\Asus\Documents\GitHub\Latihan-codeigniter\app\Controllers\Product.php(129): view('product/edit', Array)
#5 C:\Users\Asus\Documents\GitHub\Latihan-codeigniter\system\CodeIgniter.php(824): App\Controllers\Product->edit('naruto')
#6 C:\Users\Asus\Documents\GitHub\Latihan-codeigniter\system\CodeIgniter.php(410): CodeIgniter\CodeIgniter->runController(Object(App\Controllers\Product))
#7 C:\Users\Asus\Documents\GitHub\Latihan-codeigniter\system\CodeIgniter.php(318): CodeIgniter\CodeIgniter->handleRequest(NULL, Object(Config\Cache), false)
#8 C:\Users\Asus\Documents\GitHub\Latihan-codeigniter\public\index.php(37): CodeIgniter\CodeIgniter->run()
#9 C:\Users\Asus\Documents\GitHub\Latihan-codeigniter\system\Commands\Server\rewrite.php(43): require_once('C:\\Users\\Asus\\D...')
#10 {main}
CRITICAL - 2021-12-17 23:15:11 --> unlink(img/1639802843_f563326054e9d3b21fe2.jpg): No such file or directory
#0 [internal function]: CodeIgniter\Debug\Exceptions->errorHandler(2, 'unlink(img/1639...', 'C:\\Users\\Asus\\D...', 114)
#1 C:\Users\Asus\Documents\GitHub\Latihan-codeigniter\app\Controllers\Product.php(114): unlink('img/1639802843_...')
#2 C:\Users\Asus\Documents\GitHub\Latihan-codeigniter\system\CodeIgniter.php(824): App\Controllers\Product->delete('33')
#3 C:\Users\Asus\Documents\GitHub\Latihan-codeigniter\system\CodeIgniter.php(410): CodeIgniter\CodeIgniter->runController(Object(App\Controllers\Product))
#4 C:\Users\Asus\Documents\GitHub\Latihan-codeigniter\system\CodeIgniter.php(318): CodeIgniter\CodeIgniter->handleRequest(NULL, Object(Config\Cache), false)
#5 C:\Users\Asus\Documents\GitHub\Latihan-codeigniter\public\index.php(37): CodeIgniter\CodeIgniter->run()
#6 C:\Users\Asus\Documents\GitHub\Latihan-codeigniter\system\Commands\Server\rewrite.php(43): require_once('C:\\Users\\Asus\\D...')
#7 {main}
ERROR - 2021-12-17 23:18:23 --> Table 'codeigniter_auction.orang' doesn't exist
CRITICAL - 2021-12-17 23:18:23 --> Table 'codeigniter_auction.orang' doesn't exist
#0 C:\Users\Asus\Documents\GitHub\Latihan-codeigniter\system\Database\MySQLi\Connection.php(292): mysqli->query('SELECT COUNT(*)...', 0)
#1 C:\Users\Asus\Documents\GitHub\Latihan-codeigniter\system\Database\BaseConnection.php(670): CodeIgniter\Database\MySQLi\Connection->execute('SELECT COUNT(*)...')
#2 C:\Users\Asus\Documents\GitHub\Latihan-codeigniter\system\Database\BaseConnection.php(598): CodeIgniter\Database\BaseConnection->simpleQuery('SELECT COUNT(*)...')
#3 C:\Users\Asus\Documents\GitHub\Latihan-codeigniter\system\Database\BaseBuilder.php(1527): CodeIgniter\Database\BaseConnection->query('SELECT COUNT(*)...', Array, false)
#4 C:\Users\Asus\Documents\GitHub\Latihan-codeigniter\system\Model.php(509): CodeIgniter\Database\BaseBuilder->countAllResults(false)
#5 C:\Users\Asus\Documents\GitHub\Latihan-codeigniter\system\BaseModel.php(1084): CodeIgniter\Model->countAllResults(false)
#6 C:\Users\Asus\Documents\GitHub\Latihan-codeigniter\app\Controllers\Orang.php(20): CodeIgniter\BaseModel->paginate(2, 'orang')
#7 C:\Users\Asus\Documents\GitHub\Latihan-codeigniter\system\CodeIgniter.php(824): App\Controllers\Orang->index()
#8 C:\Users\Asus\Documents\GitHub\Latihan-codeigniter\system\CodeIgniter.php(410): CodeIgniter\CodeIgniter->runController(Object(App\Controllers\Orang))
#9 C:\Users\Asus\Documents\GitHub\Latihan-codeigniter\system\CodeIgniter.php(318): CodeIgniter\CodeIgniter->handleRequest(NULL, Object(Config\Cache), false)
#10 C:\Users\Asus\Documents\GitHub\Latihan-codeigniter\public\index.php(37): CodeIgniter\CodeIgniter->run()
#11 C:\Users\Asus\Documents\GitHub\Latihan-codeigniter\system\Commands\Server\rewrite.php(43): require_once('C:\\Users\\Asus\\D...')
#12 {main}
CRITICAL - 2021-12-17 23:19:35 --> Undefined variable $pager
#0 C:\Users\Asus\Documents\GitHub\Latihan-codeigniter\app\Views\pages\home.php(28): CodeIgniter\Debug\Exceptions->errorHandler(2, 'Undefined varia...', 'C:\\Users\\Asus\\D...', 28)
#1 C:\Users\Asus\Documents\GitHub\Latihan-codeigniter\system\View\View.php(214): include('C:\\Users\\Asus\\D...')
#2 C:\Users\Asus\Documents\GitHub\Latihan-codeigniter\system\View\View.php(217): CodeIgniter\View\View->CodeIgniter\View\{closure}()
#3 C:\Users\Asus\Documents\GitHub\Latihan-codeigniter\system\Common.php(1097): CodeIgniter\View\View->render('pages/home', Array, true)
#4 C:\Users\Asus\Documents\GitHub\Latihan-codeigniter\app\Controllers\Pages.php(27): view('pages/home', Array)
#5 C:\Users\Asus\Documents\GitHub\Latihan-codeigniter\system\CodeIgniter.php(824): App\Controllers\Pages->index()
#6 C:\Users\Asus\Documents\GitHub\Latihan-codeigniter\system\CodeIgniter.php(410): CodeIgniter\CodeIgniter->runController(Object(App\Controllers\Pages))
#7 C:\Users\Asus\Documents\GitHub\Latihan-codeigniter\system\CodeIgniter.php(318): CodeIgniter\CodeIgniter->handleRequest(NULL, Object(Config\Cache), false)
#8 C:\Users\Asus\Documents\GitHub\Latihan-codeigniter\public\index.php(37): CodeIgniter\CodeIgniter->run()
#9 C:\Users\Asus\Documents\GitHub\Latihan-codeigniter\system\Commands\Server\rewrite.php(43): require_once('C:\\Users\\Asus\\D...')
#10 {main}
CRITICAL - 2021-12-17 23:20:02 --> Undefined variable $pager
#0 C:\Users\Asus\Documents\GitHub\Latihan-codeigniter\app\Views\pages\home.php(27): CodeIgniter\Debug\Exceptions->errorHandler(2, 'Undefined varia...', 'C:\\Users\\Asus\\D...', 27)
#1 C:\Users\Asus\Documents\GitHub\Latihan-codeigniter\system\View\View.php(214): include('C:\\Users\\Asus\\D...')
#2 C:\Users\Asus\Documents\GitHub\Latihan-codeigniter\system\View\View.php(217): CodeIgniter\View\View->CodeIgniter\View\{closure}()
#3 C:\Users\Asus\Documents\GitHub\Latihan-codeigniter\system\Common.php(1097): CodeIgniter\View\View->render('pages/home', Array, true)
#4 C:\Users\Asus\Documents\GitHub\Latihan-codeigniter\app\Controllers\Pages.php(27): view('pages/home', Array)
#5 C:\Users\Asus\Documents\GitHub\Latihan-codeigniter\system\CodeIgniter.php(824): App\Controllers\Pages->index()
#6 C:\Users\Asus\Documents\GitHub\Latihan-codeigniter\system\CodeIgniter.php(410): CodeIgniter\CodeIgniter->runController(Object(App\Controllers\Pages))
#7 C:\Users\Asus\Documents\GitHub\Latihan-codeigniter\system\CodeIgniter.php(318): CodeIgniter\CodeIgniter->handleRequest(NULL, Object(Config\Cache), false)
#8 C:\Users\Asus\Documents\GitHub\Latihan-codeigniter\public\index.php(37): CodeIgniter\CodeIgniter->run()
#9 C:\Users\Asus\Documents\GitHub\Latihan-codeigniter\system\Commands\Server\rewrite.php(43): require_once('C:\\Users\\Asus\\D...')
#10 {main}
CRITICAL - 2021-12-17 23:20:06 --> Undefined variable $pager
#0 C:\Users\Asus\Documents\GitHub\Latihan-codeigniter\app\Views\pages\home.php(27): CodeIgniter\Debug\Exceptions->errorHandler(2, 'Undefined varia...', 'C:\\Users\\Asus\\D...', 27)
#1 C:\Users\Asus\Documents\GitHub\Latihan-codeigniter\system\View\View.php(214): include('C:\\Users\\Asus\\D...')
#2 C:\Users\Asus\Documents\GitHub\Latihan-codeigniter\system\View\View.php(217): CodeIgniter\View\View->CodeIgniter\View\{closure}()
#3 C:\Users\Asus\Documents\GitHub\Latihan-codeigniter\system\Common.php(1097): CodeIgniter\View\View->render('pages/home', Array, true)
#4 C:\Users\Asus\Documents\GitHub\Latihan-codeigniter\app\Controllers\Pages.php(27): view('pages/home', Array)
#5 C:\Users\Asus\Documents\GitHub\Latihan-codeigniter\system\CodeIgniter.php(824): App\Controllers\Pages->index()
#6 C:\Users\Asus\Documents\GitHub\Latihan-codeigniter\system\CodeIgniter.php(410): CodeIgniter\CodeIgniter->runController(Object(App\Controllers\Pages))
#7 C:\Users\Asus\Documents\GitHub\Latihan-codeigniter\system\CodeIgniter.php(318): CodeIgniter\CodeIgniter->handleRequest(NULL, Object(Config\Cache), false)
#8 C:\Users\Asus\Documents\GitHub\Latihan-codeigniter\public\index.php(37): CodeIgniter\CodeIgniter->run()
#9 C:\Users\Asus\Documents\GitHub\Latihan-codeigniter\system\Commands\Server\rewrite.php(43): require_once('C:\\Users\\Asus\\D...')
#10 {main}
CRITICAL - 2021-12-17 23:20:28 --> Undefined variable $pager
#0 C:\Users\Asus\Documents\GitHub\Latihan-codeigniter\app\Views\pages\home.php(27): CodeIgniter\Debug\Exceptions->errorHandler(2, 'Undefined varia...', 'C:\\Users\\Asus\\D...', 27)
#1 C:\Users\Asus\Documents\GitHub\Latihan-codeigniter\system\View\View.php(214): include('C:\\Users\\Asus\\D...')
#2 C:\Users\Asus\Documents\GitHub\Latihan-codeigniter\system\View\View.php(217): CodeIgniter\View\View->CodeIgniter\View\{closure}()
#3 C:\Users\Asus\Documents\GitHub\Latihan-codeigniter\system\Common.php(1097): CodeIgniter\View\View->render('pages/home', Array, true)
#4 C:\Users\Asus\Documents\GitHub\Latihan-codeigniter\app\Controllers\Pages.php(27): view('pages/home', Array)
#5 C:\Users\Asus\Documents\GitHub\Latihan-codeigniter\system\CodeIgniter.php(824): App\Controllers\Pages->index()
#6 C:\Users\Asus\Documents\GitHub\Latihan-codeigniter\system\CodeIgniter.php(410): CodeIgniter\CodeIgniter->runController(Object(App\Controllers\Pages))
#7 C:\Users\Asus\Documents\GitHub\Latihan-codeigniter\system\CodeIgniter.php(318): CodeIgniter\CodeIgniter->handleRequest(NULL, Object(Config\Cache), false)
#8 C:\Users\Asus\Documents\GitHub\Latihan-codeigniter\public\index.php(37): CodeIgniter\CodeIgniter->run()
#9 C:\Users\Asus\Documents\GitHub\Latihan-codeigniter\system\Commands\Server\rewrite.php(43): require_once('C:\\Users\\Asus\\D...')
#10 {main}
CRITICAL - 2021-12-17 23:41:50 --> unlink(img/1639806033_0d3745eb57015cdf248b.jpg): No such file or directory
#0 [internal function]: CodeIgniter\Debug\Exceptions->errorHandler(2, 'unlink(img/1639...', 'C:\\Users\\Asus\\D...', 114)
#1 C:\Users\Asus\Documents\GitHub\Latihan-codeigniter\app\Controllers\Product.php(114): unlink('img/1639806033_...')
#2 C:\Users\Asus\Documents\GitHub\Latihan-codeigniter\system\CodeIgniter.php(824): App\Controllers\Product->delete('38')
#3 C:\Users\Asus\Documents\GitHub\Latihan-codeigniter\system\CodeIgniter.php(410): CodeIgniter\CodeIgniter->runController(Object(App\Controllers\Product))
#4 C:\Users\Asus\Documents\GitHub\Latihan-codeigniter\system\CodeIgniter.php(318): CodeIgniter\CodeIgniter->handleRequest(NULL, Object(Config\Cache), false)
#5 C:\Users\Asus\Documents\GitHub\Latihan-codeigniter\public\index.php(37): CodeIgniter\CodeIgniter->run()
#6 C:\Users\Asus\Documents\GitHub\Latihan-codeigniter\system\Commands\Server\rewrite.php(43): require_once('C:\\Users\\Asus\\D...')
#7 {main}
CRITICAL - 2021-12-17 23:42:12 --> unlink(img/1639806033_0d3745eb57015cdf248b.jpg): No such file or directory
#0 [internal function]: CodeIgniter\Debug\Exceptions->errorHandler(2, 'unlink(img/1639...', 'C:\\Users\\Asus\\D...', 114)
#1 C:\Users\Asus\Documents\GitHub\Latihan-codeigniter\app\Controllers\Product.php(114): unlink('img/1639806033_...')
#2 C:\Users\Asus\Documents\GitHub\Latihan-codeigniter\system\CodeIgniter.php(824): App\Controllers\Product->delete('38')
#3 C:\Users\Asus\Documents\GitHub\Latihan-codeigniter\system\CodeIgniter.php(410): CodeIgniter\CodeIgniter->runController(Object(App\Controllers\Product))
#4 C:\Users\Asus\Documents\GitHub\Latihan-codeigniter\system\CodeIgniter.php(318): CodeIgniter\CodeIgniter->handleRequest(NULL, Object(Config\Cache), false)
#5 C:\Users\Asus\Documents\GitHub\Latihan-codeigniter\public\index.php(37): CodeIgniter\CodeIgniter->run()
#6 C:\Users\Asus\Documents\GitHub\Latihan-codeigniter\system\Commands\Server\rewrite.php(43): require_once('C:\\Users\\Asus\\D...')
#7 {main}
