CRITICAL - 2021-12-07 21:18:37 --> Invalid file: about.php
#0 C:\Users\Asus\Documents\GitHub\CRUD-codeigniter\system\View\View.php(198): CodeIgniter\Exceptions\FrameworkException::forInvalidFile('about.php')
#1 C:\Users\Asus\Documents\GitHub\CRUD-codeigniter\system\Common.php(1097): CodeIgniter\View\View->render('about', Array, true)
#2 C:\Users\Asus\Documents\GitHub\CRUD-codeigniter\app\Controllers\Pages.php(13): view('about')
#3 C:\Users\Asus\Documents\GitHub\CRUD-codeigniter\system\CodeIgniter.php(824): App\Controllers\Pages->about()
#4 C:\Users\Asus\Documents\GitHub\CRUD-codeigniter\system\CodeIgniter.php(410): CodeIgniter\CodeIgniter->runController(Object(App\Controllers\Pages))
#5 C:\Users\Asus\Documents\GitHub\CRUD-codeigniter\system\CodeIgniter.php(318): CodeIgniter\CodeIgniter->handleRequest(NULL, Object(Config\Cache), false)
#6 C:\Users\Asus\Documents\GitHub\CRUD-codeigniter\public\index.php(37): CodeIgniter\CodeIgniter->run()
#7 C:\Users\Asus\Documents\GitHub\CRUD-codeigniter\system\Commands\Server\rewrite.php(43): require_once('C:\\Users\\Asus\\D...')
#8 {main}
CRITICAL - 2021-12-07 21:36:45 --> Undefined variable $title
#0 C:\Users\Asus\Documents\GitHub\CRUD-codeigniter\app\Views\layout\header.php(12): CodeIgniter\Debug\Exceptions->errorHandler(2, 'Undefined varia...', 'C:\\Users\\Asus\\D...', 12)
#1 C:\Users\Asus\Documents\GitHub\CRUD-codeigniter\system\View\View.php(214): include('C:\\Users\\Asus\\D...')
#2 C:\Users\Asus\Documents\GitHub\CRUD-codeigniter\system\View\View.php(217): CodeIgniter\View\View->CodeIgniter\View\{closure}()
#3 C:\Users\Asus\Documents\GitHub\CRUD-codeigniter\system\Common.php(1097): CodeIgniter\View\View->render('layout/header', Array, true)
#4 C:\Users\Asus\Documents\GitHub\CRUD-codeigniter\app\Controllers\Pages.php(18): view('layout/header')
#5 C:\Users\Asus\Documents\GitHub\CRUD-codeigniter\system\CodeIgniter.php(824): App\Controllers\Pages->about()
#6 C:\Users\Asus\Documents\GitHub\CRUD-codeigniter\system\CodeIgniter.php(410): CodeIgniter\CodeIgniter->runController(Object(App\Controllers\Pages))
#7 C:\Users\Asus\Documents\GitHub\CRUD-codeigniter\system\CodeIgniter.php(318): CodeIgniter\CodeIgniter->handleRequest(NULL, Object(Config\Cache), false)
#8 C:\Users\Asus\Documents\GitHub\CRUD-codeigniter\public\index.php(37): CodeIgniter\CodeIgniter->run()
#9 C:\Users\Asus\Documents\GitHub\CRUD-codeigniter\system\Commands\Server\rewrite.php(43): require_once('C:\\Users\\Asus\\D...')
#10 {main}
CRITICAL - 2021-12-07 21:54:31 --> Undefined variable $alamat
#0 C:\Users\Asus\Documents\GitHub\CRUD-codeigniter\app\Views\pages\contact.php(8): CodeIgniter\Debug\Exceptions->errorHandler(2, 'Undefined varia...', 'C:\\Users\\Asus\\D...', 8)
#1 C:\Users\Asus\Documents\GitHub\CRUD-codeigniter\system\View\View.php(214): include('C:\\Users\\Asus\\D...')
#2 C:\Users\Asus\Documents\GitHub\CRUD-codeigniter\system\View\View.php(217): CodeIgniter\View\View->CodeIgniter\View\{closure}()
#3 C:\Users\Asus\Documents\GitHub\CRUD-codeigniter\system\Common.php(1097): CodeIgniter\View\View->render('pages/contact', Array, true)
#4 C:\Users\Asus\Documents\GitHub\CRUD-codeigniter\app\Controllers\Pages.php(38): view('pages/contact', Array)
#5 C:\Users\Asus\Documents\GitHub\CRUD-codeigniter\system\CodeIgniter.php(824): App\Controllers\Pages->contact()
#6 C:\Users\Asus\Documents\GitHub\CRUD-codeigniter\system\CodeIgniter.php(410): CodeIgniter\CodeIgniter->runController(Object(App\Controllers\Pages))
#7 C:\Users\Asus\Documents\GitHub\CRUD-codeigniter\system\CodeIgniter.php(318): CodeIgniter\CodeIgniter->handleRequest(NULL, Object(Config\Cache), false)
#8 C:\Users\Asus\Documents\GitHub\CRUD-codeigniter\public\index.php(37): CodeIgniter\CodeIgniter->run()
#9 C:\Users\Asus\Documents\GitHub\CRUD-codeigniter\system\Commands\Server\rewrite.php(43): require_once('C:\\Users\\Asus\\D...')
#10 {main}
CRITICAL - 2021-12-07 21:54:54 --> Undefined variable $alamat
#0 C:\Users\Asus\Documents\GitHub\CRUD-codeigniter\app\Views\pages\contact.php(8): CodeIgniter\Debug\Exceptions->errorHandler(2, 'Undefined varia...', 'C:\\Users\\Asus\\D...', 8)
#1 C:\Users\Asus\Documents\GitHub\CRUD-codeigniter\system\View\View.php(214): include('C:\\Users\\Asus\\D...')
#2 C:\Users\Asus\Documents\GitHub\CRUD-codeigniter\system\View\View.php(217): CodeIgniter\View\View->CodeIgniter\View\{closure}()
#3 C:\Users\Asus\Documents\GitHub\CRUD-codeigniter\system\Common.php(1097): CodeIgniter\View\View->render('pages/contact', Array, true)
#4 C:\Users\Asus\Documents\GitHub\CRUD-codeigniter\app\Controllers\Pages.php(38): view('pages/contact', Array)
#5 C:\Users\Asus\Documents\GitHub\CRUD-codeigniter\system\CodeIgniter.php(824): App\Controllers\Pages->contact()
#6 C:\Users\Asus\Documents\GitHub\CRUD-codeigniter\system\CodeIgniter.php(410): CodeIgniter\CodeIgniter->runController(Object(App\Controllers\Pages))
#7 C:\Users\Asus\Documents\GitHub\CRUD-codeigniter\system\CodeIgniter.php(318): CodeIgniter\CodeIgniter->handleRequest(NULL, Object(Config\Cache), false)
#8 C:\Users\Asus\Documents\GitHub\CRUD-codeigniter\public\index.php(37): CodeIgniter\CodeIgniter->run()
#9 C:\Users\Asus\Documents\GitHub\CRUD-codeigniter\system\Commands\Server\rewrite.php(43): require_once('C:\\Users\\Asus\\D...')
#10 {main}
CRITICAL - 2021-12-07 21:55:15 --> Undefined variable $alamat
#0 C:\Users\Asus\Documents\GitHub\CRUD-codeigniter\app\Views\pages\contact.php(8): CodeIgniter\Debug\Exceptions->errorHandler(2, 'Undefined varia...', 'C:\\Users\\Asus\\D...', 8)
#1 C:\Users\Asus\Documents\GitHub\CRUD-codeigniter\system\View\View.php(214): include('C:\\Users\\Asus\\D...')
#2 C:\Users\Asus\Documents\GitHub\CRUD-codeigniter\system\View\View.php(217): CodeIgniter\View\View->CodeIgniter\View\{closure}()
#3 C:\Users\Asus\Documents\GitHub\CRUD-codeigniter\system\Common.php(1097): CodeIgniter\View\View->render('pages/contact', Array, true)
#4 C:\Users\Asus\Documents\GitHub\CRUD-codeigniter\app\Controllers\Pages.php(38): view('pages/contact', Array)
#5 C:\Users\Asus\Documents\GitHub\CRUD-codeigniter\system\CodeIgniter.php(824): App\Controllers\Pages->contact()
#6 C:\Users\Asus\Documents\GitHub\CRUD-codeigniter\system\CodeIgniter.php(410): CodeIgniter\CodeIgniter->runController(Object(App\Controllers\Pages))
#7 C:\Users\Asus\Documents\GitHub\CRUD-codeigniter\system\CodeIgniter.php(318): CodeIgniter\CodeIgniter->handleRequest(NULL, Object(Config\Cache), false)
#8 C:\Users\Asus\Documents\GitHub\CRUD-codeigniter\public\index.php(37): CodeIgniter\CodeIgniter->run()
#9 C:\Users\Asus\Documents\GitHub\CRUD-codeigniter\system\Commands\Server\rewrite.php(43): require_once('C:\\Users\\Asus\\D...')
#10 {main}
CRITICAL - 2021-12-07 21:55:43 --> Undefined variable $alamat
#0 C:\Users\Asus\Documents\GitHub\CRUD-codeigniter\app\Views\pages\contact.php(7): CodeIgniter\Debug\Exceptions->errorHandler(2, 'Undefined varia...', 'C:\\Users\\Asus\\D...', 7)
#1 C:\Users\Asus\Documents\GitHub\CRUD-codeigniter\system\View\View.php(214): include('C:\\Users\\Asus\\D...')
#2 C:\Users\Asus\Documents\GitHub\CRUD-codeigniter\system\View\View.php(217): CodeIgniter\View\View->CodeIgniter\View\{closure}()
#3 C:\Users\Asus\Documents\GitHub\CRUD-codeigniter\system\Common.php(1097): CodeIgniter\View\View->render('pages/contact', Array, true)
#4 C:\Users\Asus\Documents\GitHub\CRUD-codeigniter\app\Controllers\Pages.php(38): view('pages/contact', Array)
#5 C:\Users\Asus\Documents\GitHub\CRUD-codeigniter\system\CodeIgniter.php(824): App\Controllers\Pages->contact()
#6 C:\Users\Asus\Documents\GitHub\CRUD-codeigniter\system\CodeIgniter.php(410): CodeIgniter\CodeIgniter->runController(Object(App\Controllers\Pages))
#7 C:\Users\Asus\Documents\GitHub\CRUD-codeigniter\system\CodeIgniter.php(318): CodeIgniter\CodeIgniter->handleRequest(NULL, Object(Config\Cache), false)
#8 C:\Users\Asus\Documents\GitHub\CRUD-codeigniter\public\index.php(37): CodeIgniter\CodeIgniter->run()
#9 C:\Users\Asus\Documents\GitHub\CRUD-codeigniter\system\Commands\Server\rewrite.php(43): require_once('C:\\Users\\Asus\\D...')
#10 {main}
CRITICAL - 2021-12-07 21:56:00 --> Undefined array key "alamat"
#0 C:\Users\Asus\Documents\GitHub\CRUD-codeigniter\app\Views\pages\contact.php(10): CodeIgniter\Debug\Exceptions->errorHandler(2, 'Undefined array...', 'C:\\Users\\Asus\\D...', 10)
#1 C:\Users\Asus\Documents\GitHub\CRUD-codeigniter\system\View\View.php(214): include('C:\\Users\\Asus\\D...')
#2 C:\Users\Asus\Documents\GitHub\CRUD-codeigniter\system\View\View.php(217): CodeIgniter\View\View->CodeIgniter\View\{closure}()
#3 C:\Users\Asus\Documents\GitHub\CRUD-codeigniter\system\Common.php(1097): CodeIgniter\View\View->render('pages/contact', Array, true)
#4 C:\Users\Asus\Documents\GitHub\CRUD-codeigniter\app\Controllers\Pages.php(38): view('pages/contact', Array)
#5 C:\Users\Asus\Documents\GitHub\CRUD-codeigniter\system\CodeIgniter.php(824): App\Controllers\Pages->contact()
#6 C:\Users\Asus\Documents\GitHub\CRUD-codeigniter\system\CodeIgniter.php(410): CodeIgniter\CodeIgniter->runController(Object(App\Controllers\Pages))
#7 C:\Users\Asus\Documents\GitHub\CRUD-codeigniter\system\CodeIgniter.php(318): CodeIgniter\CodeIgniter->handleRequest(NULL, Object(Config\Cache), false)
#8 C:\Users\Asus\Documents\GitHub\CRUD-codeigniter\public\index.php(37): CodeIgniter\CodeIgniter->run()
#9 C:\Users\Asus\Documents\GitHub\CRUD-codeigniter\system\Commands\Server\rewrite.php(43): require_once('C:\\Users\\Asus\\D...')
#10 {main}
