CRITICAL - 2021-12-14 04:39:59 --> Class "App\Models\KomikModel" not found
#0 C:\Users\Asus\Documents\GitHub\Latihan-codeigniter\system\CodeIgniter.php(801): App\Controllers\Komik->__construct()
#1 C:\Users\Asus\Documents\GitHub\Latihan-codeigniter\system\CodeIgniter.php(401): CodeIgniter\CodeIgniter->createController()
#2 C:\Users\Asus\Documents\GitHub\Latihan-codeigniter\system\CodeIgniter.php(318): CodeIgniter\CodeIgniter->handleRequest(NULL, Object(Config\Cache), false)
#3 C:\Users\Asus\Documents\GitHub\Latihan-codeigniter\public\index.php(37): CodeIgniter\CodeIgniter->run()
#4 C:\Users\Asus\Documents\GitHub\Latihan-codeigniter\system\Commands\Server\rewrite.php(43): require_once('C:\\Users\\Asus\\D...')
#5 {main}
CRITICAL - 2021-12-14 04:41:15 --> Class "App\Models\ProductModel" not found
#0 C:\Users\Asus\Documents\GitHub\Latihan-codeigniter\system\CodeIgniter.php(801): App\Controllers\Komik->__construct()
#1 C:\Users\Asus\Documents\GitHub\Latihan-codeigniter\system\CodeIgniter.php(401): CodeIgniter\CodeIgniter->createController()
#2 C:\Users\Asus\Documents\GitHub\Latihan-codeigniter\system\CodeIgniter.php(318): CodeIgniter\CodeIgniter->handleRequest(NULL, Object(Config\Cache), false)
#3 C:\Users\Asus\Documents\GitHub\Latihan-codeigniter\public\index.php(37): CodeIgniter\CodeIgniter->run()
#4 C:\Users\Asus\Documents\GitHub\Latihan-codeigniter\system\Commands\Server\rewrite.php(43): require_once('C:\\Users\\Asus\\D...')
#5 {main}
CRITICAL - 2021-12-14 04:46:38 --> Class "App\Models\ProductModel" not found
#0 C:\Users\Asus\Documents\GitHub\Latihan-codeigniter\system\CodeIgniter.php(801): App\Controllers\Product->__construct()
#1 C:\Users\Asus\Documents\GitHub\Latihan-codeigniter\system\CodeIgniter.php(401): CodeIgniter\CodeIgniter->createController()
#2 C:\Users\Asus\Documents\GitHub\Latihan-codeigniter\system\CodeIgniter.php(318): CodeIgniter\CodeIgniter->handleRequest(NULL, Object(Config\Cache), false)
#3 C:\Users\Asus\Documents\GitHub\Latihan-codeigniter\public\index.php(37): CodeIgniter\CodeIgniter->run()
#4 C:\Users\Asus\Documents\GitHub\Latihan-codeigniter\system\Commands\Server\rewrite.php(43): require_once('C:\\Users\\Asus\\D...')
#5 {main}
CRITICAL - 2021-12-14 04:47:39 --> Class "App\Models\ProductModel" not found
#0 C:\Users\Asus\Documents\GitHub\Latihan-codeigniter\system\CodeIgniter.php(801): App\Controllers\Product->__construct()
#1 C:\Users\Asus\Documents\GitHub\Latihan-codeigniter\system\CodeIgniter.php(401): CodeIgniter\CodeIgniter->createController()
#2 C:\Users\Asus\Documents\GitHub\Latihan-codeigniter\system\CodeIgniter.php(318): CodeIgniter\CodeIgniter->handleRequest(NULL, Object(Config\Cache), false)
#3 C:\Users\Asus\Documents\GitHub\Latihan-codeigniter\public\index.php(37): CodeIgniter\CodeIgniter->run()
#4 C:\Users\Asus\Documents\GitHub\Latihan-codeigniter\system\Commands\Server\rewrite.php(43): require_once('C:\\Users\\Asus\\D...')
#5 {main}
CRITICAL - 2021-12-14 04:49:14 --> Class "App\Models\ProductModel" not found
#0 C:\Users\Asus\Documents\GitHub\Latihan-codeigniter\system\CodeIgniter.php(801): App\Controllers\Product->__construct()
#1 C:\Users\Asus\Documents\GitHub\Latihan-codeigniter\system\CodeIgniter.php(401): CodeIgniter\CodeIgniter->createController()
#2 C:\Users\Asus\Documents\GitHub\Latihan-codeigniter\system\CodeIgniter.php(318): CodeIgniter\CodeIgniter->handleRequest(NULL, Object(Config\Cache), false)
#3 C:\Users\Asus\Documents\GitHub\Latihan-codeigniter\public\index.php(37): CodeIgniter\CodeIgniter->run()
#4 C:\Users\Asus\Documents\GitHub\Latihan-codeigniter\system\Commands\Server\rewrite.php(43): require_once('C:\\Users\\Asus\\D...')
#5 {main}
CRITICAL - 2021-12-14 04:49:16 --> Class "App\Models\ProductModel" not found
#0 C:\Users\Asus\Documents\GitHub\Latihan-codeigniter\system\CodeIgniter.php(801): App\Controllers\Product->__construct()
#1 C:\Users\Asus\Documents\GitHub\Latihan-codeigniter\system\CodeIgniter.php(401): CodeIgniter\CodeIgniter->createController()
#2 C:\Users\Asus\Documents\GitHub\Latihan-codeigniter\system\CodeIgniter.php(318): CodeIgniter\CodeIgniter->handleRequest(NULL, Object(Config\Cache), false)
#3 C:\Users\Asus\Documents\GitHub\Latihan-codeigniter\public\index.php(37): CodeIgniter\CodeIgniter->run()
#4 C:\Users\Asus\Documents\GitHub\Latihan-codeigniter\system\Commands\Server\rewrite.php(43): require_once('C:\\Users\\Asus\\D...')
#5 {main}
ERROR - 2021-12-14 04:51:32 --> Table 'latihancodeigniter.komik' doesn't exist
CRITICAL - 2021-12-14 04:51:32 --> Call to a member function getResult() on bool
#0 C:\Users\Asus\Documents\GitHub\Latihan-codeigniter\system\BaseModel.php(584): CodeIgniter\Model->doFindAll(0, 0)
#1 C:\Users\Asus\Documents\GitHub\Latihan-codeigniter\app\Models\ProductModel.php(16): CodeIgniter\BaseModel->findAll()
#2 C:\Users\Asus\Documents\GitHub\Latihan-codeigniter\app\Controllers\Product.php(19): App\Models\ProductModel->getProduct()
#3 C:\Users\Asus\Documents\GitHub\Latihan-codeigniter\system\CodeIgniter.php(824): App\Controllers\Product->index()
#4 C:\Users\Asus\Documents\GitHub\Latihan-codeigniter\system\CodeIgniter.php(410): CodeIgniter\CodeIgniter->runController(Object(App\Controllers\Product))
#5 C:\Users\Asus\Documents\GitHub\Latihan-codeigniter\system\CodeIgniter.php(318): CodeIgniter\CodeIgniter->handleRequest(NULL, Object(Config\Cache), false)
#6 C:\Users\Asus\Documents\GitHub\Latihan-codeigniter\public\index.php(37): CodeIgniter\CodeIgniter->run()
#7 C:\Users\Asus\Documents\GitHub\Latihan-codeigniter\system\Commands\Server\rewrite.php(43): require_once('C:\\Users\\Asus\\D...')
#8 {main}
CRITICAL - 2021-12-14 05:09:17 --> Undefined variable $komik
#0 C:\Users\Asus\Documents\GitHub\Latihan-codeigniter\app\Views\product\detail.php(11): CodeIgniter\Debug\Exceptions->errorHandler(2, 'Undefined varia...', 'C:\\Users\\Asus\\D...', 11)
#1 C:\Users\Asus\Documents\GitHub\Latihan-codeigniter\system\View\View.php(214): include('C:\\Users\\Asus\\D...')
#2 C:\Users\Asus\Documents\GitHub\Latihan-codeigniter\system\View\View.php(217): CodeIgniter\View\View->CodeIgniter\View\{closure}()
#3 C:\Users\Asus\Documents\GitHub\Latihan-codeigniter\system\Common.php(1097): CodeIgniter\View\View->render('product/detail', Array, true)
#4 C:\Users\Asus\Documents\GitHub\Latihan-codeigniter\app\Controllers\Product.php(32): view('product/detail', Array)
#5 C:\Users\Asus\Documents\GitHub\Latihan-codeigniter\system\CodeIgniter.php(824): App\Controllers\Product->detail('naruto')
#6 C:\Users\Asus\Documents\GitHub\Latihan-codeigniter\system\CodeIgniter.php(410): CodeIgniter\CodeIgniter->runController(Object(App\Controllers\Product))
#7 C:\Users\Asus\Documents\GitHub\Latihan-codeigniter\system\CodeIgniter.php(318): CodeIgniter\CodeIgniter->handleRequest(NULL, Object(Config\Cache), false)
#8 C:\Users\Asus\Documents\GitHub\Latihan-codeigniter\public\index.php(37): CodeIgniter\CodeIgniter->run()
#9 C:\Users\Asus\Documents\GitHub\Latihan-codeigniter\system\Commands\Server\rewrite.php(43): require_once('C:\\Users\\Asus\\D...')
#10 {main}
CRITICAL - 2021-12-14 05:09:41 --> Undefined variable $komik
#0 C:\Users\Asus\Documents\GitHub\Latihan-codeigniter\app\Views\product\edit.php(8): CodeIgniter\Debug\Exceptions->errorHandler(2, 'Undefined varia...', 'C:\\Users\\Asus\\D...', 8)
#1 C:\Users\Asus\Documents\GitHub\Latihan-codeigniter\system\View\View.php(214): include('C:\\Users\\Asus\\D...')
#2 C:\Users\Asus\Documents\GitHub\Latihan-codeigniter\system\View\View.php(217): CodeIgniter\View\View->CodeIgniter\View\{closure}()
#3 C:\Users\Asus\Documents\GitHub\Latihan-codeigniter\system\Common.php(1097): CodeIgniter\View\View->render('product/edit', Array, true)
#4 C:\Users\Asus\Documents\GitHub\Latihan-codeigniter\app\Controllers\Product.php(116): view('product/edit', Array)
#5 C:\Users\Asus\Documents\GitHub\Latihan-codeigniter\system\CodeIgniter.php(824): App\Controllers\Product->edit('naruto')
#6 C:\Users\Asus\Documents\GitHub\Latihan-codeigniter\system\CodeIgniter.php(410): CodeIgniter\CodeIgniter->runController(Object(App\Controllers\Product))
#7 C:\Users\Asus\Documents\GitHub\Latihan-codeigniter\system\CodeIgniter.php(318): CodeIgniter\CodeIgniter->handleRequest(NULL, Object(Config\Cache), false)
#8 C:\Users\Asus\Documents\GitHub\Latihan-codeigniter\public\index.php(37): CodeIgniter\CodeIgniter->run()
#9 C:\Users\Asus\Documents\GitHub\Latihan-codeigniter\system\Commands\Server\rewrite.php(43): require_once('C:\\Users\\Asus\\D...')
#10 {main}
CRITICAL - 2021-12-14 05:57:42 --> Undefined array key "penulis"
#0 C:\Users\Asus\Documents\GitHub\Latihan-codeigniter\app\Views\product\detail.php(16): CodeIgniter\Debug\Exceptions->errorHandler(2, 'Undefined array...', 'C:\\Users\\Asus\\D...', 16)
#1 C:\Users\Asus\Documents\GitHub\Latihan-codeigniter\system\View\View.php(214): include('C:\\Users\\Asus\\D...')
#2 C:\Users\Asus\Documents\GitHub\Latihan-codeigniter\system\View\View.php(217): CodeIgniter\View\View->CodeIgniter\View\{closure}()
#3 C:\Users\Asus\Documents\GitHub\Latihan-codeigniter\system\Common.php(1097): CodeIgniter\View\View->render('product/detail', Array, true)
#4 C:\Users\Asus\Documents\GitHub\Latihan-codeigniter\app\Controllers\Product.php(32): view('product/detail', Array)
#5 C:\Users\Asus\Documents\GitHub\Latihan-codeigniter\system\CodeIgniter.php(824): App\Controllers\Product->detail('naruto')
#6 C:\Users\Asus\Documents\GitHub\Latihan-codeigniter\system\CodeIgniter.php(410): CodeIgniter\CodeIgniter->runController(Object(App\Controllers\Product))
#7 C:\Users\Asus\Documents\GitHub\Latihan-codeigniter\system\CodeIgniter.php(318): CodeIgniter\CodeIgniter->handleRequest(NULL, Object(Config\Cache), false)
#8 C:\Users\Asus\Documents\GitHub\Latihan-codeigniter\public\index.php(37): CodeIgniter\CodeIgniter->run()
#9 C:\Users\Asus\Documents\GitHub\Latihan-codeigniter\system\Commands\Server\rewrite.php(43): require_once('C:\\Users\\Asus\\D...')
#10 {main}
CRITICAL - 2021-12-14 05:58:10 --> Undefined array key "penulis"
#0 C:\Users\Asus\Documents\GitHub\Latihan-codeigniter\app\Views\product\edit.php(24): CodeIgniter\Debug\Exceptions->errorHandler(2, 'Undefined array...', 'C:\\Users\\Asus\\D...', 24)
#1 C:\Users\Asus\Documents\GitHub\Latihan-codeigniter\system\View\View.php(214): include('C:\\Users\\Asus\\D...')
#2 C:\Users\Asus\Documents\GitHub\Latihan-codeigniter\system\View\View.php(217): CodeIgniter\View\View->CodeIgniter\View\{closure}()
#3 C:\Users\Asus\Documents\GitHub\Latihan-codeigniter\system\Common.php(1097): CodeIgniter\View\View->render('product/edit', Array, true)
#4 C:\Users\Asus\Documents\GitHub\Latihan-codeigniter\app\Controllers\Product.php(116): view('product/edit', Array)
#5 C:\Users\Asus\Documents\GitHub\Latihan-codeigniter\system\CodeIgniter.php(824): App\Controllers\Product->edit('naruto')
#6 C:\Users\Asus\Documents\GitHub\Latihan-codeigniter\system\CodeIgniter.php(410): CodeIgniter\CodeIgniter->runController(Object(App\Controllers\Product))
#7 C:\Users\Asus\Documents\GitHub\Latihan-codeigniter\system\CodeIgniter.php(318): CodeIgniter\CodeIgniter->handleRequest(NULL, Object(Config\Cache), false)
#8 C:\Users\Asus\Documents\GitHub\Latihan-codeigniter\public\index.php(37): CodeIgniter\CodeIgniter->run()
#9 C:\Users\Asus\Documents\GitHub\Latihan-codeigniter\system\Commands\Server\rewrite.php(43): require_once('C:\\Users\\Asus\\D...')
#10 {main}
ERROR - 2021-12-14 06:00:16 --> Column 'penerbit' cannot be null
ERROR - 2021-12-14 06:03:01 --> Column 'penerbit' cannot be null
ERROR - 2021-12-14 06:04:39 --> Column 'penerbit' cannot be null
CRITICAL - 2021-12-14 00:48:19 --> Too few arguments to function App\Controllers\Pages::detailProduct(), 0 passed in C:\Users\Asus\Documents\GitHub\Latihan-codeigniter\system\CodeIgniter.php on line 824 and exactly 1 expected
#0 C:\Users\Asus\Documents\GitHub\Latihan-codeigniter\system\CodeIgniter.php(824): App\Controllers\Pages->detailProduct()
#1 C:\Users\Asus\Documents\GitHub\Latihan-codeigniter\system\CodeIgniter.php(410): CodeIgniter\CodeIgniter->runController(Object(App\Controllers\Pages))
#2 C:\Users\Asus\Documents\GitHub\Latihan-codeigniter\system\CodeIgniter.php(318): CodeIgniter\CodeIgniter->handleRequest(NULL, Object(Config\Cache), false)
#3 C:\Users\Asus\Documents\GitHub\Latihan-codeigniter\public\index.php(37): CodeIgniter\CodeIgniter->run()
#4 C:\Users\Asus\Documents\GitHub\Latihan-codeigniter\system\Commands\Server\rewrite.php(43): require_once('C:\\Users\\Asus\\D...')
#5 {main}
CRITICAL - 2021-12-14 00:49:46 --> Too few arguments to function App\Controllers\Pages::detailProduct(), 0 passed in C:\Users\Asus\Documents\GitHub\Latihan-codeigniter\system\CodeIgniter.php on line 824 and exactly 1 expected
#0 C:\Users\Asus\Documents\GitHub\Latihan-codeigniter\system\CodeIgniter.php(824): App\Controllers\Pages->detailProduct()
#1 C:\Users\Asus\Documents\GitHub\Latihan-codeigniter\system\CodeIgniter.php(410): CodeIgniter\CodeIgniter->runController(Object(App\Controllers\Pages))
#2 C:\Users\Asus\Documents\GitHub\Latihan-codeigniter\system\CodeIgniter.php(318): CodeIgniter\CodeIgniter->handleRequest(NULL, Object(Config\Cache), false)
#3 C:\Users\Asus\Documents\GitHub\Latihan-codeigniter\public\index.php(37): CodeIgniter\CodeIgniter->run()
#4 C:\Users\Asus\Documents\GitHub\Latihan-codeigniter\system\Commands\Server\rewrite.php(43): require_once('C:\\Users\\Asus\\D...')
#5 {main}
CRITICAL - 2021-12-14 00:49:53 --> Too few arguments to function App\Controllers\Pages::detailProduct(), 0 passed in C:\Users\Asus\Documents\GitHub\Latihan-codeigniter\system\CodeIgniter.php on line 824 and exactly 1 expected
#0 C:\Users\Asus\Documents\GitHub\Latihan-codeigniter\system\CodeIgniter.php(824): App\Controllers\Pages->detailProduct()
#1 C:\Users\Asus\Documents\GitHub\Latihan-codeigniter\system\CodeIgniter.php(410): CodeIgniter\CodeIgniter->runController(Object(App\Controllers\Pages))
#2 C:\Users\Asus\Documents\GitHub\Latihan-codeigniter\system\CodeIgniter.php(318): CodeIgniter\CodeIgniter->handleRequest(NULL, Object(Config\Cache), false)
#3 C:\Users\Asus\Documents\GitHub\Latihan-codeigniter\public\index.php(37): CodeIgniter\CodeIgniter->run()
#4 C:\Users\Asus\Documents\GitHub\Latihan-codeigniter\system\Commands\Server\rewrite.php(43): require_once('C:\\Users\\Asus\\D...')
#5 {main}
CRITICAL - 2021-12-14 00:50:05 --> Too few arguments to function App\Controllers\Pages::detailProduct(), 0 passed in C:\Users\Asus\Documents\GitHub\Latihan-codeigniter\system\CodeIgniter.php on line 824 and exactly 1 expected
#0 C:\Users\Asus\Documents\GitHub\Latihan-codeigniter\system\CodeIgniter.php(824): App\Controllers\Pages->detailProduct()
#1 C:\Users\Asus\Documents\GitHub\Latihan-codeigniter\system\CodeIgniter.php(410): CodeIgniter\CodeIgniter->runController(Object(App\Controllers\Pages))
#2 C:\Users\Asus\Documents\GitHub\Latihan-codeigniter\system\CodeIgniter.php(318): CodeIgniter\CodeIgniter->handleRequest(NULL, Object(Config\Cache), false)
#3 C:\Users\Asus\Documents\GitHub\Latihan-codeigniter\public\index.php(37): CodeIgniter\CodeIgniter->run()
#4 C:\Users\Asus\Documents\GitHub\Latihan-codeigniter\system\Commands\Server\rewrite.php(43): require_once('C:\\Users\\Asus\\D...')
#5 {main}
