CRITICAL - 2021-12-13 19:03:20 --> Class name must be a valid object or a string
#0 C:\Users\Asus\Documents\GitHub\Latihan-codeigniter\system\Config\BaseService.php(248): Myth\Auth\Config\Services::activator(Object(Myth\Auth\Config\Auth), false)
#1 C:\Users\Asus\Documents\GitHub\Latihan-codeigniter\system\Config\BaseService.php(189): CodeIgniter\Config\BaseService::__callStatic('activator', Array)
#2 C:\Users\Asus\Documents\GitHub\Latihan-codeigniter\vendor\myth\auth\src\Config\Services.php(86): CodeIgniter\Config\BaseService::getSharedInstance('activator', NULL)
#3 C:\Users\Asus\Documents\GitHub\Latihan-codeigniter\system\Config\BaseService.php(248): Myth\Auth\Config\Services::activator()
#4 C:\Users\Asus\Documents\GitHub\Latihan-codeigniter\system\Common.php(937): CodeIgniter\Config\BaseService::__callStatic('activator', Array)
#5 C:\Users\Asus\Documents\GitHub\Latihan-codeigniter\vendor\myth\auth\src\Controllers\AuthController.php(195): service('activator')
#6 C:\Users\Asus\Documents\GitHub\Latihan-codeigniter\system\CodeIgniter.php(824): Myth\Auth\Controllers\AuthController->attemptRegister()
#7 C:\Users\Asus\Documents\GitHub\Latihan-codeigniter\system\CodeIgniter.php(410): CodeIgniter\CodeIgniter->runController(Object(Myth\Auth\Controllers\AuthController))
#8 C:\Users\Asus\Documents\GitHub\Latihan-codeigniter\system\CodeIgniter.php(318): CodeIgniter\CodeIgniter->handleRequest(NULL, Object(Config\Cache), false)
#9 C:\Users\Asus\Documents\GitHub\Latihan-codeigniter\public\index.php(37): CodeIgniter\CodeIgniter->run()
#10 C:\Users\Asus\Documents\GitHub\Latihan-codeigniter\system\Commands\Server\rewrite.php(43): require_once('C:\\Users\\Asus\\D...')
#11 {main}
CRITICAL - 2021-12-13 19:05:56 --> Class name must be a valid object or a string
#0 C:\Users\Asus\Documents\GitHub\Latihan-codeigniter\system\Config\BaseService.php(248): Myth\Auth\Config\Services::activator(Object(Myth\Auth\Config\Auth), false)
#1 C:\Users\Asus\Documents\GitHub\Latihan-codeigniter\system\Config\BaseService.php(189): CodeIgniter\Config\BaseService::__callStatic('activator', Array)
#2 C:\Users\Asus\Documents\GitHub\Latihan-codeigniter\vendor\myth\auth\src\Config\Services.php(86): CodeIgniter\Config\BaseService::getSharedInstance('activator', NULL)
#3 C:\Users\Asus\Documents\GitHub\Latihan-codeigniter\system\Config\BaseService.php(248): Myth\Auth\Config\Services::activator()
#4 C:\Users\Asus\Documents\GitHub\Latihan-codeigniter\system\Common.php(937): CodeIgniter\Config\BaseService::__callStatic('activator', Array)
#5 C:\Users\Asus\Documents\GitHub\Latihan-codeigniter\vendor\myth\auth\src\Controllers\AuthController.php(414): service('activator')
#6 C:\Users\Asus\Documents\GitHub\Latihan-codeigniter\system\CodeIgniter.php(824): Myth\Auth\Controllers\AuthController->resendActivateAccount()
#7 C:\Users\Asus\Documents\GitHub\Latihan-codeigniter\system\CodeIgniter.php(410): CodeIgniter\CodeIgniter->runController(Object(Myth\Auth\Controllers\AuthController))
#8 C:\Users\Asus\Documents\GitHub\Latihan-codeigniter\system\CodeIgniter.php(318): CodeIgniter\CodeIgniter->handleRequest(NULL, Object(Config\Cache), false)
#9 C:\Users\Asus\Documents\GitHub\Latihan-codeigniter\public\index.php(37): CodeIgniter\CodeIgniter->run()
#10 C:\Users\Asus\Documents\GitHub\Latihan-codeigniter\system\Commands\Server\rewrite.php(43): require_once('C:\\Users\\Asus\\D...')
#11 {main}
CRITICAL - 2021-12-13 19:06:30 --> Class name must be a valid object or a string
#0 C:\Users\Asus\Documents\GitHub\Latihan-codeigniter\system\Config\BaseService.php(248): Myth\Auth\Config\Services::activator(Object(Myth\Auth\Config\Auth), false)
#1 C:\Users\Asus\Documents\GitHub\Latihan-codeigniter\system\Config\BaseService.php(189): CodeIgniter\Config\BaseService::__callStatic('activator', Array)
#2 C:\Users\Asus\Documents\GitHub\Latihan-codeigniter\vendor\myth\auth\src\Config\Services.php(86): CodeIgniter\Config\BaseService::getSharedInstance('activator', NULL)
#3 C:\Users\Asus\Documents\GitHub\Latihan-codeigniter\system\Config\BaseService.php(248): Myth\Auth\Config\Services::activator()
#4 C:\Users\Asus\Documents\GitHub\Latihan-codeigniter\system\Common.php(937): CodeIgniter\Config\BaseService::__callStatic('activator', Array)
#5 C:\Users\Asus\Documents\GitHub\Latihan-codeigniter\vendor\myth\auth\src\Controllers\AuthController.php(195): service('activator')
#6 C:\Users\Asus\Documents\GitHub\Latihan-codeigniter\system\CodeIgniter.php(824): Myth\Auth\Controllers\AuthController->attemptRegister()
#7 C:\Users\Asus\Documents\GitHub\Latihan-codeigniter\system\CodeIgniter.php(410): CodeIgniter\CodeIgniter->runController(Object(Myth\Auth\Controllers\AuthController))
#8 C:\Users\Asus\Documents\GitHub\Latihan-codeigniter\system\CodeIgniter.php(318): CodeIgniter\CodeIgniter->handleRequest(NULL, Object(Config\Cache), false)
#9 C:\Users\Asus\Documents\GitHub\Latihan-codeigniter\public\index.php(37): CodeIgniter\CodeIgniter->run()
#10 C:\Users\Asus\Documents\GitHub\Latihan-codeigniter\system\Commands\Server\rewrite.php(43): require_once('C:\\Users\\Asus\\D...')
#11 {main}
CRITICAL - 2021-12-13 19:06:49 --> Class name must be a valid object or a string
#0 C:\Users\Asus\Documents\GitHub\Latihan-codeigniter\system\Config\BaseService.php(248): Myth\Auth\Config\Services::activator(Object(Myth\Auth\Config\Auth), false)
#1 C:\Users\Asus\Documents\GitHub\Latihan-codeigniter\system\Config\BaseService.php(189): CodeIgniter\Config\BaseService::__callStatic('activator', Array)
#2 C:\Users\Asus\Documents\GitHub\Latihan-codeigniter\vendor\myth\auth\src\Config\Services.php(86): CodeIgniter\Config\BaseService::getSharedInstance('activator', NULL)
#3 C:\Users\Asus\Documents\GitHub\Latihan-codeigniter\system\Config\BaseService.php(248): Myth\Auth\Config\Services::activator()
#4 C:\Users\Asus\Documents\GitHub\Latihan-codeigniter\system\Common.php(937): CodeIgniter\Config\BaseService::__callStatic('activator', Array)
#5 C:\Users\Asus\Documents\GitHub\Latihan-codeigniter\vendor\myth\auth\src\Controllers\AuthController.php(414): service('activator')
#6 C:\Users\Asus\Documents\GitHub\Latihan-codeigniter\system\CodeIgniter.php(824): Myth\Auth\Controllers\AuthController->resendActivateAccount()
#7 C:\Users\Asus\Documents\GitHub\Latihan-codeigniter\system\CodeIgniter.php(410): CodeIgniter\CodeIgniter->runController(Object(Myth\Auth\Controllers\AuthController))
#8 C:\Users\Asus\Documents\GitHub\Latihan-codeigniter\system\CodeIgniter.php(318): CodeIgniter\CodeIgniter->handleRequest(NULL, Object(Config\Cache), false)
#9 C:\Users\Asus\Documents\GitHub\Latihan-codeigniter\public\index.php(37): CodeIgniter\CodeIgniter->run()
#10 C:\Users\Asus\Documents\GitHub\Latihan-codeigniter\system\Commands\Server\rewrite.php(43): require_once('C:\\Users\\Asus\\D...')
#11 {main}
CRITICAL - 2021-12-13 19:09:13 --> Class name must be a valid object or a string
#0 C:\Users\Asus\Documents\GitHub\Latihan-codeigniter\system\Config\BaseService.php(248): Myth\Auth\Config\Services::activator(Object(Myth\Auth\Config\Auth), false)
#1 C:\Users\Asus\Documents\GitHub\Latihan-codeigniter\system\Config\BaseService.php(189): CodeIgniter\Config\BaseService::__callStatic('activator', Array)
#2 C:\Users\Asus\Documents\GitHub\Latihan-codeigniter\vendor\myth\auth\src\Config\Services.php(86): CodeIgniter\Config\BaseService::getSharedInstance('activator', NULL)
#3 C:\Users\Asus\Documents\GitHub\Latihan-codeigniter\system\Config\BaseService.php(248): Myth\Auth\Config\Services::activator()
#4 C:\Users\Asus\Documents\GitHub\Latihan-codeigniter\system\Common.php(937): CodeIgniter\Config\BaseService::__callStatic('activator', Array)
#5 C:\Users\Asus\Documents\GitHub\Latihan-codeigniter\vendor\myth\auth\src\Controllers\AuthController.php(195): service('activator')
#6 C:\Users\Asus\Documents\GitHub\Latihan-codeigniter\system\CodeIgniter.php(824): Myth\Auth\Controllers\AuthController->attemptRegister()
#7 C:\Users\Asus\Documents\GitHub\Latihan-codeigniter\system\CodeIgniter.php(410): CodeIgniter\CodeIgniter->runController(Object(Myth\Auth\Controllers\AuthController))
#8 C:\Users\Asus\Documents\GitHub\Latihan-codeigniter\system\CodeIgniter.php(318): CodeIgniter\CodeIgniter->handleRequest(NULL, Object(Config\Cache), false)
#9 C:\Users\Asus\Documents\GitHub\Latihan-codeigniter\public\index.php(37): CodeIgniter\CodeIgniter->run()
#10 C:\Users\Asus\Documents\GitHub\Latihan-codeigniter\system\Commands\Server\rewrite.php(43): require_once('C:\\Users\\Asus\\D...')
#11 {main}
