CRITICAL - 2021-12-15 18:34:56 --> Array callback must have exactly two elements
#0 C:\Users\Asus\Documents\GitHub\Latihan-codeigniter\system\View\View.php(214): include()
#1 C:\Users\Asus\Documents\GitHub\Latihan-codeigniter\system\View\View.php(217): CodeIgniter\View\View->CodeIgniter\View\{closure}()
#2 C:\Users\Asus\Documents\GitHub\Latihan-codeigniter\system\Common.php(1097): CodeIgniter\View\View->render('product/create', Array, true)
#3 C:\Users\Asus\Documents\GitHub\Latihan-codeigniter\app\Controllers\Product.php(41): view('product/create', Array)
#4 C:\Users\Asus\Documents\GitHub\Latihan-codeigniter\system\CodeIgniter.php(824): App\Controllers\Product->create()
#5 C:\Users\Asus\Documents\GitHub\Latihan-codeigniter\system\CodeIgniter.php(410): CodeIgniter\CodeIgniter->runController(Object(App\Controllers\Product))
#6 C:\Users\Asus\Documents\GitHub\Latihan-codeigniter\system\CodeIgniter.php(318): CodeIgniter\CodeIgniter->handleRequest(NULL, Object(Config\Cache), false)
#7 C:\Users\Asus\Documents\GitHub\Latihan-codeigniter\public\index.php(37): CodeIgniter\CodeIgniter->run()
#8 C:\Users\Asus\Documents\GitHub\Latihan-codeigniter\system\Commands\Server\rewrite.php(43): require_once('C:\\Users\\Asus\\D...')
#9 {main}
CRITICAL - 2021-12-15 18:45:39 --> Constant expression contains invalid operations
#0 [internal function]: CodeIgniter\Debug\Exceptions->shutdownHandler()
#1 {main}
CRITICAL - 2021-12-15 21:34:55 --> Attempt to read property "email" on null
#0 C:\Users\Asus\Documents\GitHub\Latihan-codeigniter\app\Views\pages\home.php(15): CodeIgniter\Debug\Exceptions->errorHandler(2, 'Attempt to read...', 'C:\\Users\\Asus\\D...', 15)
#1 C:\Users\Asus\Documents\GitHub\Latihan-codeigniter\system\View\View.php(214): include('C:\\Users\\Asus\\D...')
#2 C:\Users\Asus\Documents\GitHub\Latihan-codeigniter\system\View\View.php(217): CodeIgniter\View\View->CodeIgniter\View\{closure}()
#3 C:\Users\Asus\Documents\GitHub\Latihan-codeigniter\system\Common.php(1097): CodeIgniter\View\View->render('pages/home', Array, true)
#4 C:\Users\Asus\Documents\GitHub\Latihan-codeigniter\app\Controllers\Pages.php(23): view('pages/home', Array)
#5 C:\Users\Asus\Documents\GitHub\Latihan-codeigniter\system\CodeIgniter.php(824): App\Controllers\Pages->index()
#6 C:\Users\Asus\Documents\GitHub\Latihan-codeigniter\system\CodeIgniter.php(410): CodeIgniter\CodeIgniter->runController(Object(App\Controllers\Pages))
#7 C:\Users\Asus\Documents\GitHub\Latihan-codeigniter\system\CodeIgniter.php(318): CodeIgniter\CodeIgniter->handleRequest(NULL, Object(Config\Cache), false)
#8 C:\Users\Asus\Documents\GitHub\Latihan-codeigniter\public\index.php(37): CodeIgniter\CodeIgniter->run()
#9 C:\Users\Asus\Documents\GitHub\Latihan-codeigniter\system\Commands\Server\rewrite.php(43): require_once('C:\\Users\\Asus\\D...')
#10 {main}
CRITICAL - 2021-12-15 21:35:04 --> Attempt to read property "email" on null
#0 C:\Users\Asus\Documents\GitHub\Latihan-codeigniter\app\Views\pages\home.php(15): CodeIgniter\Debug\Exceptions->errorHandler(2, 'Attempt to read...', 'C:\\Users\\Asus\\D...', 15)
#1 C:\Users\Asus\Documents\GitHub\Latihan-codeigniter\system\View\View.php(214): include('C:\\Users\\Asus\\D...')
#2 C:\Users\Asus\Documents\GitHub\Latihan-codeigniter\system\View\View.php(217): CodeIgniter\View\View->CodeIgniter\View\{closure}()
#3 C:\Users\Asus\Documents\GitHub\Latihan-codeigniter\system\Common.php(1097): CodeIgniter\View\View->render('pages/home', Array, true)
#4 C:\Users\Asus\Documents\GitHub\Latihan-codeigniter\app\Controllers\Pages.php(23): view('pages/home', Array)
#5 C:\Users\Asus\Documents\GitHub\Latihan-codeigniter\system\CodeIgniter.php(824): App\Controllers\Pages->index()
#6 C:\Users\Asus\Documents\GitHub\Latihan-codeigniter\system\CodeIgniter.php(410): CodeIgniter\CodeIgniter->runController(Object(App\Controllers\Pages))
#7 C:\Users\Asus\Documents\GitHub\Latihan-codeigniter\system\CodeIgniter.php(318): CodeIgniter\CodeIgniter->handleRequest(NULL, Object(Config\Cache), false)
#8 C:\Users\Asus\Documents\GitHub\Latihan-codeigniter\public\index.php(37): CodeIgniter\CodeIgniter->run()
#9 C:\Users\Asus\Documents\GitHub\Latihan-codeigniter\system\Commands\Server\rewrite.php(43): require_once('C:\\Users\\Asus\\D...')
#10 {main}
CRITICAL - 2021-12-15 22:01:23 --> Undefined variable $title
#0 C:\Users\Asus\Documents\GitHub\Latihan-codeigniter\app\Views\layout\template.php(13): CodeIgniter\Debug\Exceptions->errorHandler(2, 'Undefined varia...', 'C:\\Users\\Asus\\D...', 13)
#1 C:\Users\Asus\Documents\GitHub\Latihan-codeigniter\system\View\View.php(214): include('C:\\Users\\Asus\\D...')
#2 C:\Users\Asus\Documents\GitHub\Latihan-codeigniter\system\View\View.php(217): CodeIgniter\View\View->CodeIgniter\View\{closure}()
#3 C:\Users\Asus\Documents\GitHub\Latihan-codeigniter\system\View\View.php(230): CodeIgniter\View\View->render('layout/template', Array, true)
#4 C:\Users\Asus\Documents\GitHub\Latihan-codeigniter\system\Common.php(1097): CodeIgniter\View\View->render('pages/profile', Array, true)
#5 C:\Users\Asus\Documents\GitHub\Latihan-codeigniter\app\Controllers\Pages.php(75): view('pages/profile')
#6 C:\Users\Asus\Documents\GitHub\Latihan-codeigniter\system\CodeIgniter.php(824): App\Controllers\Pages->profile()
#7 C:\Users\Asus\Documents\GitHub\Latihan-codeigniter\system\CodeIgniter.php(410): CodeIgniter\CodeIgniter->runController(Object(App\Controllers\Pages))
#8 C:\Users\Asus\Documents\GitHub\Latihan-codeigniter\system\CodeIgniter.php(318): CodeIgniter\CodeIgniter->handleRequest(NULL, Object(Config\Cache), false)
#9 C:\Users\Asus\Documents\GitHub\Latihan-codeigniter\public\index.php(37): CodeIgniter\CodeIgniter->run()
#10 C:\Users\Asus\Documents\GitHub\Latihan-codeigniter\system\Commands\Server\rewrite.php(43): require_once('C:\\Users\\Asus\\D...')
#11 {main}
CRITICAL - 2021-12-15 22:01:54 --> Undefined variable $title
#0 C:\Users\Asus\Documents\GitHub\Latihan-codeigniter\app\Views\layout\template.php(13): CodeIgniter\Debug\Exceptions->errorHandler(2, 'Undefined varia...', 'C:\\Users\\Asus\\D...', 13)
#1 C:\Users\Asus\Documents\GitHub\Latihan-codeigniter\system\View\View.php(214): include('C:\\Users\\Asus\\D...')
#2 C:\Users\Asus\Documents\GitHub\Latihan-codeigniter\system\View\View.php(217): CodeIgniter\View\View->CodeIgniter\View\{closure}()
#3 C:\Users\Asus\Documents\GitHub\Latihan-codeigniter\system\View\View.php(230): CodeIgniter\View\View->render('layout/template', Array, true)
#4 C:\Users\Asus\Documents\GitHub\Latihan-codeigniter\system\Common.php(1097): CodeIgniter\View\View->render('pages/profile', Array, true)
#5 C:\Users\Asus\Documents\GitHub\Latihan-codeigniter\app\Controllers\Pages.php(78): view('pages/profile')
#6 C:\Users\Asus\Documents\GitHub\Latihan-codeigniter\system\CodeIgniter.php(824): App\Controllers\Pages->profile()
#7 C:\Users\Asus\Documents\GitHub\Latihan-codeigniter\system\CodeIgniter.php(410): CodeIgniter\CodeIgniter->runController(Object(App\Controllers\Pages))
#8 C:\Users\Asus\Documents\GitHub\Latihan-codeigniter\system\CodeIgniter.php(318): CodeIgniter\CodeIgniter->handleRequest(NULL, Object(Config\Cache), false)
#9 C:\Users\Asus\Documents\GitHub\Latihan-codeigniter\public\index.php(37): CodeIgniter\CodeIgniter->run()
#10 C:\Users\Asus\Documents\GitHub\Latihan-codeigniter\system\Commands\Server\rewrite.php(43): require_once('C:\\Users\\Asus\\D...')
#11 {main}
CRITICAL - 2021-12-15 22:05:52 --> Attempt to read property "username" on null
#0 C:\Users\Asus\Documents\GitHub\Latihan-codeigniter\app\Views\pages\profile.php(67): CodeIgniter\Debug\Exceptions->errorHandler(2, 'Attempt to read...', 'C:\\Users\\Asus\\D...', 67)
#1 C:\Users\Asus\Documents\GitHub\Latihan-codeigniter\system\View\View.php(214): include('C:\\Users\\Asus\\D...')
#2 C:\Users\Asus\Documents\GitHub\Latihan-codeigniter\system\View\View.php(217): CodeIgniter\View\View->CodeIgniter\View\{closure}()
#3 C:\Users\Asus\Documents\GitHub\Latihan-codeigniter\system\Common.php(1097): CodeIgniter\View\View->render('pages/profile', Array, true)
#4 C:\Users\Asus\Documents\GitHub\Latihan-codeigniter\app\Controllers\Pages.php(78): view('pages/profile', Array)
#5 C:\Users\Asus\Documents\GitHub\Latihan-codeigniter\system\CodeIgniter.php(824): App\Controllers\Pages->profile()
#6 C:\Users\Asus\Documents\GitHub\Latihan-codeigniter\system\CodeIgniter.php(410): CodeIgniter\CodeIgniter->runController(Object(App\Controllers\Pages))
#7 C:\Users\Asus\Documents\GitHub\Latihan-codeigniter\system\CodeIgniter.php(318): CodeIgniter\CodeIgniter->handleRequest(NULL, Object(Config\Cache), false)
#8 C:\Users\Asus\Documents\GitHub\Latihan-codeigniter\public\index.php(37): CodeIgniter\CodeIgniter->run()
#9 C:\Users\Asus\Documents\GitHub\Latihan-codeigniter\system\Commands\Server\rewrite.php(43): require_once('C:\\Users\\Asus\\D...')
#10 {main}
CRITICAL - 2021-12-15 22:06:17 --> Attempt to read property "username" on null
#0 C:\Users\Asus\Documents\GitHub\Latihan-codeigniter\app\Views\pages\profile.php(67): CodeIgniter\Debug\Exceptions->errorHandler(2, 'Attempt to read...', 'C:\\Users\\Asus\\D...', 67)
#1 C:\Users\Asus\Documents\GitHub\Latihan-codeigniter\system\View\View.php(214): include('C:\\Users\\Asus\\D...')
#2 C:\Users\Asus\Documents\GitHub\Latihan-codeigniter\system\View\View.php(217): CodeIgniter\View\View->CodeIgniter\View\{closure}()
#3 C:\Users\Asus\Documents\GitHub\Latihan-codeigniter\system\Common.php(1097): CodeIgniter\View\View->render('pages/profile', Array, true)
#4 C:\Users\Asus\Documents\GitHub\Latihan-codeigniter\app\Controllers\Pages.php(78): view('pages/profile', Array)
#5 C:\Users\Asus\Documents\GitHub\Latihan-codeigniter\system\CodeIgniter.php(824): App\Controllers\Pages->profile()
#6 C:\Users\Asus\Documents\GitHub\Latihan-codeigniter\system\CodeIgniter.php(410): CodeIgniter\CodeIgniter->runController(Object(App\Controllers\Pages))
#7 C:\Users\Asus\Documents\GitHub\Latihan-codeigniter\system\CodeIgniter.php(318): CodeIgniter\CodeIgniter->handleRequest(NULL, Object(Config\Cache), false)
#8 C:\Users\Asus\Documents\GitHub\Latihan-codeigniter\public\index.php(37): CodeIgniter\CodeIgniter->run()
#9 C:\Users\Asus\Documents\GitHub\Latihan-codeigniter\system\Commands\Server\rewrite.php(43): require_once('C:\\Users\\Asus\\D...')
#10 {main}
CRITICAL - 2021-12-15 22:31:30 --> Undefined variable $product
#0 C:\Users\Asus\Documents\GitHub\Latihan-codeigniter\app\Views\pages\profile.php(144): CodeIgniter\Debug\Exceptions->errorHandler(2, 'Undefined varia...', 'C:\\Users\\Asus\\D...', 144)
#1 C:\Users\Asus\Documents\GitHub\Latihan-codeigniter\system\View\View.php(214): include('C:\\Users\\Asus\\D...')
#2 C:\Users\Asus\Documents\GitHub\Latihan-codeigniter\system\View\View.php(217): CodeIgniter\View\View->CodeIgniter\View\{closure}()
#3 C:\Users\Asus\Documents\GitHub\Latihan-codeigniter\system\Common.php(1097): CodeIgniter\View\View->render('pages/profile', Array, true)
#4 C:\Users\Asus\Documents\GitHub\Latihan-codeigniter\app\Controllers\Pages.php(78): view('pages/profile', Array)
#5 C:\Users\Asus\Documents\GitHub\Latihan-codeigniter\system\CodeIgniter.php(824): App\Controllers\Pages->profile()
#6 C:\Users\Asus\Documents\GitHub\Latihan-codeigniter\system\CodeIgniter.php(410): CodeIgniter\CodeIgniter->runController(Object(App\Controllers\Pages))
#7 C:\Users\Asus\Documents\GitHub\Latihan-codeigniter\system\CodeIgniter.php(318): CodeIgniter\CodeIgniter->handleRequest(NULL, Object(Config\Cache), false)
#8 C:\Users\Asus\Documents\GitHub\Latihan-codeigniter\public\index.php(37): CodeIgniter\CodeIgniter->run()
#9 C:\Users\Asus\Documents\GitHub\Latihan-codeigniter\system\Commands\Server\rewrite.php(43): require_once('C:\\Users\\Asus\\D...')
#10 {main}
