ERROR - 2021-12-08 19:26:10 --> Error connecting to the database: Access denied for user '****'@'localhost' (using password: YES)
CRITICAL - 2021-12-08 19:26:10 --> Unable to connect to the database.
Main connection [MySQLi]: Access denied for user '****'@'localhost' (using password: YES)
#0 C:\Users\Asus\Documents\GitHub\CRUD-codeigniter\system\Database\BaseConnection.php(577): CodeIgniter\Database\BaseConnection->initialize()
#1 C:\Users\Asus\Documents\GitHub\CRUD-codeigniter\app\Controllers\Komik.php(14): CodeIgniter\Database\BaseConnection->query('SELECT * FROM k...')
#2 C:\Users\Asus\Documents\GitHub\CRUD-codeigniter\system\CodeIgniter.php(824): App\Controllers\Komik->index()
#3 C:\Users\Asus\Documents\GitHub\CRUD-codeigniter\system\CodeIgniter.php(410): CodeIgniter\CodeIgniter->runController(Object(App\Controllers\Komik))
#4 C:\Users\Asus\Documents\GitHub\CRUD-codeigniter\system\CodeIgniter.php(318): CodeIgniter\CodeIgniter->handleRequest(NULL, Object(Config\Cache), false)
#5 C:\Users\Asus\Documents\GitHub\CRUD-codeigniter\public\index.php(37): CodeIgniter\CodeIgniter->run()
#6 C:\Users\Asus\Documents\GitHub\CRUD-codeigniter\system\Commands\Server\rewrite.php(43): require_once('C:\\Users\\Asus\\D...')
#7 {main}
CRITICAL - 2021-12-08 22:20:27 --> Trying to access array offset on value of type null
#0 C:\Users\Asus\Documents\GitHub\CRUD-codeigniter\app\Views\komik\detail.php(7): CodeIgniter\Debug\Exceptions->errorHandler(2, 'Trying to acces...', 'C:\\Users\\Asus\\D...', 7)
#1 C:\Users\Asus\Documents\GitHub\CRUD-codeigniter\system\View\View.php(214): include('C:\\Users\\Asus\\D...')
#2 C:\Users\Asus\Documents\GitHub\CRUD-codeigniter\system\View\View.php(217): CodeIgniter\View\View->CodeIgniter\View\{closure}()
#3 C:\Users\Asus\Documents\GitHub\CRUD-codeigniter\system\Common.php(1097): CodeIgniter\View\View->render('komik/detail', Array, true)
#4 C:\Users\Asus\Documents\GitHub\CRUD-codeigniter\app\Controllers\Komik.php(40): view('komik/detail', Array)
#5 C:\Users\Asus\Documents\GitHub\CRUD-codeigniter\system\CodeIgniter.php(824): App\Controllers\Komik->detail('cover.jpg')
#6 C:\Users\Asus\Documents\GitHub\CRUD-codeigniter\system\CodeIgniter.php(410): CodeIgniter\CodeIgniter->runController(Object(App\Controllers\Komik))
#7 C:\Users\Asus\Documents\GitHub\CRUD-codeigniter\system\CodeIgniter.php(318): CodeIgniter\CodeIgniter->handleRequest(NULL, Object(Config\Cache), false)
#8 C:\Users\Asus\Documents\GitHub\CRUD-codeigniter\public\index.php(37): CodeIgniter\CodeIgniter->run()
#9 C:\Users\Asus\Documents\GitHub\CRUD-codeigniter\system\Commands\Server\rewrite.php(43): require_once('C:\\Users\\Asus\\D...')
#10 {main}
CRITICAL - 2021-12-08 22:32:04 --> Trying to access array offset on value of type null
#0 C:\Users\Asus\Documents\GitHub\CRUD-codeigniter\app\Views\komik\detail.php(11): CodeIgniter\Debug\Exceptions->errorHandler(2, 'Trying to acces...', 'C:\\Users\\Asus\\D...', 11)
#1 C:\Users\Asus\Documents\GitHub\CRUD-codeigniter\system\View\View.php(214): include('C:\\Users\\Asus\\D...')
#2 C:\Users\Asus\Documents\GitHub\CRUD-codeigniter\system\View\View.php(217): CodeIgniter\View\View->CodeIgniter\View\{closure}()
#3 C:\Users\Asus\Documents\GitHub\CRUD-codeigniter\system\Common.php(1097): CodeIgniter\View\View->render('komik/detail', Array, true)
#4 C:\Users\Asus\Documents\GitHub\CRUD-codeigniter\app\Controllers\Komik.php(40): view('komik/detail', Array)
#5 C:\Users\Asus\Documents\GitHub\CRUD-codeigniter\system\CodeIgniter.php(824): App\Controllers\Komik->detail('create')
#6 C:\Users\Asus\Documents\GitHub\CRUD-codeigniter\system\CodeIgniter.php(410): CodeIgniter\CodeIgniter->runController(Object(App\Controllers\Komik))
#7 C:\Users\Asus\Documents\GitHub\CRUD-codeigniter\system\CodeIgniter.php(318): CodeIgniter\CodeIgniter->handleRequest(NULL, Object(Config\Cache), false)
#8 C:\Users\Asus\Documents\GitHub\CRUD-codeigniter\public\index.php(37): CodeIgniter\CodeIgniter->run()
#9 C:\Users\Asus\Documents\GitHub\CRUD-codeigniter\system\Commands\Server\rewrite.php(43): require_once('C:\\Users\\Asus\\D...')
#10 {main}
CRITICAL - 2021-12-08 22:32:14 --> Trying to access array offset on value of type null
#0 C:\Users\Asus\Documents\GitHub\CRUD-codeigniter\app\Views\komik\detail.php(11): CodeIgniter\Debug\Exceptions->errorHandler(2, 'Trying to acces...', 'C:\\Users\\Asus\\D...', 11)
#1 C:\Users\Asus\Documents\GitHub\CRUD-codeigniter\system\View\View.php(214): include('C:\\Users\\Asus\\D...')
#2 C:\Users\Asus\Documents\GitHub\CRUD-codeigniter\system\View\View.php(217): CodeIgniter\View\View->CodeIgniter\View\{closure}()
#3 C:\Users\Asus\Documents\GitHub\CRUD-codeigniter\system\Common.php(1097): CodeIgniter\View\View->render('komik/detail', Array, true)
#4 C:\Users\Asus\Documents\GitHub\CRUD-codeigniter\app\Controllers\Komik.php(40): view('komik/detail', Array)
#5 C:\Users\Asus\Documents\GitHub\CRUD-codeigniter\system\CodeIgniter.php(824): App\Controllers\Komik->detail('create')
#6 C:\Users\Asus\Documents\GitHub\CRUD-codeigniter\system\CodeIgniter.php(410): CodeIgniter\CodeIgniter->runController(Object(App\Controllers\Komik))
#7 C:\Users\Asus\Documents\GitHub\CRUD-codeigniter\system\CodeIgniter.php(318): CodeIgniter\CodeIgniter->handleRequest(NULL, Object(Config\Cache), false)
#8 C:\Users\Asus\Documents\GitHub\CRUD-codeigniter\public\index.php(37): CodeIgniter\CodeIgniter->run()
#9 C:\Users\Asus\Documents\GitHub\CRUD-codeigniter\system\Commands\Server\rewrite.php(43): require_once('C:\\Users\\Asus\\D...')
#10 {main}
CRITICAL - 2021-12-08 22:34:43 --> Trying to access array offset on value of type null
#0 C:\Users\Asus\Documents\GitHub\CRUD-codeigniter\app\Views\komik\detail.php(11): CodeIgniter\Debug\Exceptions->errorHandler(2, 'Trying to acces...', 'C:\\Users\\Asus\\D...', 11)
#1 C:\Users\Asus\Documents\GitHub\CRUD-codeigniter\system\View\View.php(214): include('C:\\Users\\Asus\\D...')
#2 C:\Users\Asus\Documents\GitHub\CRUD-codeigniter\system\View\View.php(217): CodeIgniter\View\View->CodeIgniter\View\{closure}()
#3 C:\Users\Asus\Documents\GitHub\CRUD-codeigniter\system\Common.php(1097): CodeIgniter\View\View->render('komik/detail', Array, true)
#4 C:\Users\Asus\Documents\GitHub\CRUD-codeigniter\app\Controllers\Komik.php(29): view('komik/detail', Array)
#5 C:\Users\Asus\Documents\GitHub\CRUD-codeigniter\system\CodeIgniter.php(824): App\Controllers\Komik->detail('create')
#6 C:\Users\Asus\Documents\GitHub\CRUD-codeigniter\system\CodeIgniter.php(410): CodeIgniter\CodeIgniter->runController(Object(App\Controllers\Komik))
#7 C:\Users\Asus\Documents\GitHub\CRUD-codeigniter\system\CodeIgniter.php(318): CodeIgniter\CodeIgniter->handleRequest(NULL, Object(Config\Cache), false)
#8 C:\Users\Asus\Documents\GitHub\CRUD-codeigniter\public\index.php(37): CodeIgniter\CodeIgniter->run()
#9 C:\Users\Asus\Documents\GitHub\CRUD-codeigniter\system\Commands\Server\rewrite.php(43): require_once('C:\\Users\\Asus\\D...')
#10 {main}
CRITICAL - 2021-12-08 22:34:58 --> Trying to access array offset on value of type null
#0 C:\Users\Asus\Documents\GitHub\CRUD-codeigniter\app\Views\komik\detail.php(11): CodeIgniter\Debug\Exceptions->errorHandler(2, 'Trying to acces...', 'C:\\Users\\Asus\\D...', 11)
#1 C:\Users\Asus\Documents\GitHub\CRUD-codeigniter\system\View\View.php(214): include('C:\\Users\\Asus\\D...')
#2 C:\Users\Asus\Documents\GitHub\CRUD-codeigniter\system\View\View.php(217): CodeIgniter\View\View->CodeIgniter\View\{closure}()
#3 C:\Users\Asus\Documents\GitHub\CRUD-codeigniter\system\Common.php(1097): CodeIgniter\View\View->render('komik/detail', Array, true)
#4 C:\Users\Asus\Documents\GitHub\CRUD-codeigniter\app\Controllers\Komik.php(29): view('komik/detail', Array)
#5 C:\Users\Asus\Documents\GitHub\CRUD-codeigniter\system\CodeIgniter.php(824): App\Controllers\Komik->detail('create')
#6 C:\Users\Asus\Documents\GitHub\CRUD-codeigniter\system\CodeIgniter.php(410): CodeIgniter\CodeIgniter->runController(Object(App\Controllers\Komik))
#7 C:\Users\Asus\Documents\GitHub\CRUD-codeigniter\system\CodeIgniter.php(318): CodeIgniter\CodeIgniter->handleRequest(NULL, Object(Config\Cache), false)
#8 C:\Users\Asus\Documents\GitHub\CRUD-codeigniter\public\index.php(37): CodeIgniter\CodeIgniter->run()
#9 C:\Users\Asus\Documents\GitHub\CRUD-codeigniter\system\Commands\Server\rewrite.php(43): require_once('C:\\Users\\Asus\\D...')
#10 {main}
CRITICAL - 2021-12-08 22:35:21 --> Trying to access array offset on value of type null
#0 C:\Users\Asus\Documents\GitHub\CRUD-codeigniter\app\Views\komik\detail.php(11): CodeIgniter\Debug\Exceptions->errorHandler(2, 'Trying to acces...', 'C:\\Users\\Asus\\D...', 11)
#1 C:\Users\Asus\Documents\GitHub\CRUD-codeigniter\system\View\View.php(214): include('C:\\Users\\Asus\\D...')
#2 C:\Users\Asus\Documents\GitHub\CRUD-codeigniter\system\View\View.php(217): CodeIgniter\View\View->CodeIgniter\View\{closure}()
#3 C:\Users\Asus\Documents\GitHub\CRUD-codeigniter\system\Common.php(1097): CodeIgniter\View\View->render('komik/detail', Array, true)
#4 C:\Users\Asus\Documents\GitHub\CRUD-codeigniter\app\Controllers\Komik.php(29): view('komik/detail', Array)
#5 C:\Users\Asus\Documents\GitHub\CRUD-codeigniter\system\CodeIgniter.php(824): App\Controllers\Komik->detail('create')
#6 C:\Users\Asus\Documents\GitHub\CRUD-codeigniter\system\CodeIgniter.php(410): CodeIgniter\CodeIgniter->runController(Object(App\Controllers\Komik))
#7 C:\Users\Asus\Documents\GitHub\CRUD-codeigniter\system\CodeIgniter.php(318): CodeIgniter\CodeIgniter->handleRequest(NULL, Object(Config\Cache), false)
#8 C:\Users\Asus\Documents\GitHub\CRUD-codeigniter\public\index.php(37): CodeIgniter\CodeIgniter->run()
#9 C:\Users\Asus\Documents\GitHub\CRUD-codeigniter\system\Commands\Server\rewrite.php(43): require_once('C:\\Users\\Asus\\D...')
#10 {main}
CRITICAL - 2021-12-08 22:39:21 --> Too few arguments to function App\Controllers\Komik::detail(), 0 passed in C:\Users\Asus\Documents\GitHub\CRUD-codeigniter\system\CodeIgniter.php on line 824 and exactly 1 expected
#0 C:\Users\Asus\Documents\GitHub\CRUD-codeigniter\system\CodeIgniter.php(824): App\Controllers\Komik->detail()
#1 C:\Users\Asus\Documents\GitHub\CRUD-codeigniter\system\CodeIgniter.php(410): CodeIgniter\CodeIgniter->runController(Object(App\Controllers\Komik))
#2 C:\Users\Asus\Documents\GitHub\CRUD-codeigniter\system\CodeIgniter.php(318): CodeIgniter\CodeIgniter->handleRequest(NULL, Object(Config\Cache), false)
#3 C:\Users\Asus\Documents\GitHub\CRUD-codeigniter\public\index.php(37): CodeIgniter\CodeIgniter->run()
#4 C:\Users\Asus\Documents\GitHub\CRUD-codeigniter\system\Commands\Server\rewrite.php(43): require_once('C:\\Users\\Asus\\D...')
#5 {main}
CRITICAL - 2021-12-08 22:40:13 --> Trying to access array offset on value of type null
#0 C:\Users\Asus\Documents\GitHub\CRUD-codeigniter\app\Views\komik\detail.php(11): CodeIgniter\Debug\Exceptions->errorHandler(2, 'Trying to acces...', 'C:\\Users\\Asus\\D...', 11)
#1 C:\Users\Asus\Documents\GitHub\CRUD-codeigniter\system\View\View.php(214): include('C:\\Users\\Asus\\D...')
#2 C:\Users\Asus\Documents\GitHub\CRUD-codeigniter\system\View\View.php(217): CodeIgniter\View\View->CodeIgniter\View\{closure}()
#3 C:\Users\Asus\Documents\GitHub\CRUD-codeigniter\system\Common.php(1097): CodeIgniter\View\View->render('komik/detail', Array, true)
#4 C:\Users\Asus\Documents\GitHub\CRUD-codeigniter\app\Controllers\Komik.php(29): view('komik/detail', Array)
#5 C:\Users\Asus\Documents\GitHub\CRUD-codeigniter\system\CodeIgniter.php(824): App\Controllers\Komik->detail('index')
#6 C:\Users\Asus\Documents\GitHub\CRUD-codeigniter\system\CodeIgniter.php(410): CodeIgniter\CodeIgniter->runController(Object(App\Controllers\Komik))
#7 C:\Users\Asus\Documents\GitHub\CRUD-codeigniter\system\CodeIgniter.php(318): CodeIgniter\CodeIgniter->handleRequest(NULL, Object(Config\Cache), false)
#8 C:\Users\Asus\Documents\GitHub\CRUD-codeigniter\public\index.php(37): CodeIgniter\CodeIgniter->run()
#9 C:\Users\Asus\Documents\GitHub\CRUD-codeigniter\system\Commands\Server\rewrite.php(43): require_once('C:\\Users\\Asus\\D...')
#10 {main}
CRITICAL - 2021-12-08 23:21:17 --> Allowed fields must be specified for model: App\Models\KomikModel
#0 C:\Users\Asus\Documents\GitHub\CRUD-codeigniter\system\BaseModel.php(1138): CodeIgniter\Database\Exceptions\DataException::forInvalidAllowedFields('App\\Models\\Komi...')
#1 C:\Users\Asus\Documents\GitHub\CRUD-codeigniter\system\BaseModel.php(713): CodeIgniter\BaseModel->doProtectFields(Array)
#2 C:\Users\Asus\Documents\GitHub\CRUD-codeigniter\system\Model.php(620): CodeIgniter\BaseModel->insert(Array, false)
#3 C:\Users\Asus\Documents\GitHub\CRUD-codeigniter\system\BaseModel.php(658): CodeIgniter\Model->insert(Array, false)
#4 C:\Users\Asus\Documents\GitHub\CRUD-codeigniter\app\Controllers\Komik.php(49): CodeIgniter\BaseModel->save(Array)
#5 C:\Users\Asus\Documents\GitHub\CRUD-codeigniter\system\CodeIgniter.php(824): App\Controllers\Komik->save()
#6 C:\Users\Asus\Documents\GitHub\CRUD-codeigniter\system\CodeIgniter.php(410): CodeIgniter\CodeIgniter->runController(Object(App\Controllers\Komik))
#7 C:\Users\Asus\Documents\GitHub\CRUD-codeigniter\system\CodeIgniter.php(318): CodeIgniter\CodeIgniter->handleRequest(NULL, Object(Config\Cache), false)
#8 C:\Users\Asus\Documents\GitHub\CRUD-codeigniter\public\index.php(37): CodeIgniter\CodeIgniter->run()
#9 C:\Users\Asus\Documents\GitHub\CRUD-codeigniter\system\Commands\Server\rewrite.php(43): require_once('C:\\Users\\Asus\\D...')
#10 {main}
CRITICAL - 2021-12-08 23:21:53 --> Allowed fields must be specified for model: App\Models\KomikModel
#0 C:\Users\Asus\Documents\GitHub\CRUD-codeigniter\system\BaseModel.php(1138): CodeIgniter\Database\Exceptions\DataException::forInvalidAllowedFields('App\\Models\\Komi...')
#1 C:\Users\Asus\Documents\GitHub\CRUD-codeigniter\system\BaseModel.php(713): CodeIgniter\BaseModel->doProtectFields(Array)
#2 C:\Users\Asus\Documents\GitHub\CRUD-codeigniter\system\Model.php(620): CodeIgniter\BaseModel->insert(Array, false)
#3 C:\Users\Asus\Documents\GitHub\CRUD-codeigniter\system\BaseModel.php(658): CodeIgniter\Model->insert(Array, false)
#4 C:\Users\Asus\Documents\GitHub\CRUD-codeigniter\app\Controllers\Komik.php(49): CodeIgniter\BaseModel->save(Array)
#5 C:\Users\Asus\Documents\GitHub\CRUD-codeigniter\system\CodeIgniter.php(824): App\Controllers\Komik->save()
#6 C:\Users\Asus\Documents\GitHub\CRUD-codeigniter\system\CodeIgniter.php(410): CodeIgniter\CodeIgniter->runController(Object(App\Controllers\Komik))
#7 C:\Users\Asus\Documents\GitHub\CRUD-codeigniter\system\CodeIgniter.php(318): CodeIgniter\CodeIgniter->handleRequest(NULL, Object(Config\Cache), false)
#8 C:\Users\Asus\Documents\GitHub\CRUD-codeigniter\public\index.php(37): CodeIgniter\CodeIgniter->run()
#9 C:\Users\Asus\Documents\GitHub\CRUD-codeigniter\system\Commands\Server\rewrite.php(43): require_once('C:\\Users\\Asus\\D...')
#10 {main}
